[2025-07-03 23:52:23] DEBUG: start_fetch clicked
[2025-07-03 23:52:23] DEBUG: Loading cache cache\ETH-USDT_1m.parquet
[2025-07-03 23:52:23] DEBUG: Cache newest=1751557200000
[2025-07-03 23:52:23] DEBUG: REST GET https://www.okx.com/api/v5/market/candles params={'before': 1751558399999, 'limit': 300, 'instId': 'ETH-USDT', 'bar': '1m'}
[2025-07-03 23:52:26] WARNING: REST error ('Connection aborted.', ConnectionResetError(10054, '远程主机强迫关闭了一个现有的连接。', None, 10054, None)) (retry 1/3)
[2025-07-03 23:52:26] DEBUG: REST GET https://www.okx.com/api/v5/market/candles params={'before': 1751558399999, 'limit': 300, 'instId': 'ETH-USDT', 'bar': '1m'}
[2025-07-03 23:52:27] DEBUG: Saved cache rows=300
[2025-07-03 23:52:39] DEBUG: start_fetch clicked
[2025-07-03 23:52:39] DEBUG: Loading cache cache\ETH-USDT_1m.parquet
[2025-07-03 23:52:39] DEBUG: Cache newest=1751557200000
[2025-07-03 23:52:39] DEBUG: REST GET https://www.okx.com/api/v5/market/candles params={'before': 1751558399999, 'limit': 300, 'instId': 'ETH-USDT', 'bar': '1m'}
[2025-07-03 23:52:42] WARNING: REST error ('Connection aborted.', ConnectionResetError(10054, '远程主机强迫关闭了一个现有的连接。', None, 10054, None)) (retry 1/3)
[2025-07-03 23:52:42] DEBUG: REST GET https://www.okx.com/api/v5/market/candles params={'before': 1751558399999, 'limit': 300, 'instId': 'ETH-USDT', 'bar': '1m'}
[2025-07-03 23:52:43] DEBUG: Saved cache rows=300
[2025-07-03 23:58:46] DEBUG: start_fetch clicked
[2025-07-03 23:58:46] DEBUG: Loading cache cache\ETH-USDT_1m.parquet
[2025-07-03 23:58:47] DEBUG: Cache newest=1751557200000
[2025-07-03 23:58:47] DEBUG: REST GET https://www.okx.com/api/v5/market/candles params={'before': 1751558399999, 'limit': 300, 'instId': 'ETH-USDT', 'bar': '1m'}
[2025-07-03 23:58:47] DEBUG: Saved cache rows=300
[2025-07-03 23:58:52] DEBUG: start_fetch clicked
[2025-07-03 23:58:52] DEBUG: Loading cache cache\ETH-USDT_1m.parquet
[2025-07-03 23:58:52] DEBUG: Cache newest=1751557200000
[2025-07-03 23:58:52] DEBUG: REST GET https://www.okx.com/api/v5/market/candles params={'before': 1751558399999, 'limit': 300, 'instId': 'ETH-USDT', 'bar': '1m'}
[2025-07-03 23:58:55] WARNING: REST error ('Connection aborted.', ConnectionResetError(10054, '远程主机强迫关闭了一个现有的连接。', None, 10054, None)) (retry 1/3)
[2025-07-03 23:58:55] DEBUG: REST GET https://www.okx.com/api/v5/market/candles params={'before': 1751558399999, 'limit': 300, 'instId': 'ETH-USDT', 'bar': '1m'}
[2025-07-03 23:58:56] DEBUG: Saved cache rows=300
[2025-07-03 23:59:03] DEBUG: start_fetch clicked
[2025-07-03 23:59:03] DEBUG: Loading cache cache\ETH-USDT_1m.parquet
[2025-07-03 23:59:03] DEBUG: Cache newest=1751557200000
[2025-07-03 23:59:03] DEBUG: REST GET https://www.okx.com/api/v5/market/candles params={'before': 1751558399999, 'limit': 300, 'instId': 'ETH-USDT', 'bar': '1m'}
[2025-07-03 23:59:03] DEBUG: Saved cache rows=300
[2025-07-03 23:59:07] DEBUG: start_fetch clicked
[2025-07-03 23:59:07] DEBUG: Loading cache cache\ETH-USDT_1m.parquet
[2025-07-03 23:59:07] DEBUG: Cache newest=1751557200000
[2025-07-03 23:59:07] DEBUG: REST GET https://www.okx.com/api/v5/market/candles params={'before': 1751558399999, 'limit': 300, 'instId': 'ETH-USDT', 'bar': '1m'}
[2025-07-03 23:59:07] DEBUG: Saved cache rows=300
[2025-07-03 23:59:08] DEBUG: start_fetch clicked
[2025-07-03 23:59:08] DEBUG: Loading cache cache\ETH-USDT_1m.parquet
[2025-07-03 23:59:08] DEBUG: Cache newest=1751557200000
[2025-07-03 23:59:08] DEBUG: REST GET https://www.okx.com/api/v5/market/candles params={'before': 1751558399999, 'limit': 300, 'instId': 'ETH-USDT', 'bar': '1m'}
[2025-07-03 23:59:09] DEBUG: Saved cache rows=300
[2025-07-04 00:03:24] DEBUG: start_fetch clicked
[2025-07-04 00:03:24] DEBUG: Loading cache cache\ETH-USDT_1m.parquet
[2025-07-04 00:03:24] DEBUG: Cache newest=1751557200000
[2025-07-04 00:03:24] DEBUG: REST GET https://www.okx.com/api/v5/market/candles params={'before': 1751558399999, 'limit': 300, 'instId': 'ETH-USDT', 'bar': '1m'}
[2025-07-04 00:03:24] DEBUG: Page 1: 4 rows, first_ts=1751558580000
[2025-07-04 00:03:24] DEBUG: Saved cache rows=304
[2025-07-04 00:04:09] DEBUG: start_fetch clicked
[2025-07-04 00:04:09] DEBUG: Loading cache cache\ETH-USDT_1m.parquet
[2025-07-04 00:04:09] DEBUG: Cache newest=1751558580000
[2025-07-04 00:04:38] DEBUG: start_fetch clicked
[2025-07-04 00:04:38] DEBUG: Loading cache cache\ETH-USDT_1m.parquet
[2025-07-04 00:04:38] DEBUG: Cache newest=1751558580000
[2025-07-04 00:04:39] DEBUG: start_fetch clicked
[2025-07-04 00:04:39] DEBUG: Loading cache cache\ETH-USDT_1m.parquet
[2025-07-04 00:04:39] DEBUG: Cache newest=1751558580000
[2025-07-04 00:04:40] DEBUG: start_fetch clicked
[2025-07-04 00:04:40] DEBUG: Loading cache cache\ETH-USDT_1m.parquet
[2025-07-04 00:04:40] DEBUG: Cache newest=1751558580000
[2025-07-04 00:04:40] DEBUG: start_fetch clicked
[2025-07-04 00:04:40] DEBUG: Loading cache cache\ETH-USDT_1m.parquet
[2025-07-04 00:04:40] DEBUG: Cache newest=1751558580000
[2025-07-04 00:04:44] DEBUG: start_fetch clicked
[2025-07-04 00:04:44] DEBUG: Loading cache cache\ETH-USDT_1m.parquet
[2025-07-04 00:04:44] DEBUG: Cache newest=1751558580000
[2025-07-04 00:04:58] DEBUG: start_fetch clicked
[2025-07-04 00:04:58] DEBUG: Cache newest=1748880000000
[2025-07-04 00:04:58] DEBUG: REST GET https://www.okx.com/api/v5/market/candles params={'before': 1751471999999, 'limit': 300, 'instId': 'ETH-USDT', 'bar': '1H'}
[2025-07-04 00:04:59] DEBUG: Page 1: 25 rows, first_ts=1751558400000
[2025-07-04 00:04:59] DEBUG: Saved cache rows=25
[2025-07-04 00:05:40] DEBUG: start_fetch clicked
[2025-07-04 00:05:40] DEBUG: Cache newest=1748880000000
[2025-07-04 00:05:40] DEBUG: REST GET https://www.okx.com/api/v5/market/candles params={'before': 1751471999999, 'limit': 300, 'instId': 'ETH-USDT', 'bar': '15m'}
[2025-07-04 00:05:41] DEBUG: Page 1: 97 rows, first_ts=1751558400000
[2025-07-04 00:05:41] DEBUG: Saved cache rows=97
[2025-07-04 00:06:01] DEBUG: start_fetch clicked
[2025-07-04 00:06:01] DEBUG: Loading cache cache\ETH-USDT_15m.parquet
[2025-07-04 00:06:01] DEBUG: Cache newest=1751558400000
[2025-07-04 00:06:01] DEBUG: start_fetch clicked
[2025-07-04 00:06:02] DEBUG: Loading cache cache\ETH-USDT_15m.parquet
[2025-07-04 00:06:02] DEBUG: Cache newest=1751558400000
[2025-07-04 00:06:02] DEBUG: start_fetch clicked
[2025-07-04 00:06:02] DEBUG: Loading cache cache\ETH-USDT_15m.parquet
[2025-07-04 00:06:02] DEBUG: Cache newest=1751558400000
[2025-07-04 00:06:07] DEBUG: start_fetch clicked
[2025-07-04 00:06:07] DEBUG: Loading cache cache\ETH-USDT_15m.parquet
[2025-07-04 00:06:07] DEBUG: Cache newest=1751558400000
[2025-07-04 00:06:10] DEBUG: start_fetch clicked
[2025-07-04 00:06:10] DEBUG: Loading cache cache\ETH-USDT_15m.parquet
[2025-07-04 00:06:10] DEBUG: Cache newest=1751558400000
[2025-07-04 00:06:17] DEBUG: start_fetch clicked
[2025-07-04 00:06:17] DEBUG: Loading cache cache\ETH-USDT_1m.parquet
[2025-07-04 00:06:17] DEBUG: Cache newest=1751558580000
[2025-07-04 00:07:00] DEBUG: start_fetch clicked
[2025-07-04 00:07:00] DEBUG: Loading cache cache\ETH-USDT_1m.parquet
[2025-07-04 00:07:00] DEBUG: Cache newest=1751558580000
[2025-07-04 00:07:06] DEBUG: start_fetch clicked
[2025-07-04 00:07:06] DEBUG: Loading cache cache\ETH-USDT_4H.parquet
[2025-07-04 00:07:06] DEBUG: Cache newest=1751544000000
[2025-07-04 00:07:14] DEBUG: start_fetch clicked
[2025-07-04 00:07:14] DEBUG: Cache newest=1748880000000
[2025-07-04 00:07:14] DEBUG: REST GET https://www.okx.com/api/v5/market/candles params={'before': 1751471999999, 'limit': 300, 'instId': 'ETH-USDT', 'bar': '1D'}
[2025-07-04 00:07:34] WARNING: REST error HTTPSConnectionPool(host='www.okx.com', port=443): Max retries exceeded with url: /api/v5/market/candles?before=1751471999999&limit=300&instId=ETH-USDT&bar=1D (Caused by ConnectTimeoutError(<urllib3.connection.HTTPSConnection object at 0x000000002A542850>, 'Connection to www.okx.com timed out. (connect timeout=20)')) (retry 1/3)
[2025-07-04 00:07:34] DEBUG: REST GET https://www.okx.com/api/v5/market/candles params={'before': 1751471999999, 'limit': 300, 'instId': 'ETH-USDT', 'bar': '1D'}
[2025-07-04 00:07:54] WARNING: REST error HTTPSConnectionPool(host='www.okx.com', port=443): Max retries exceeded with url: /api/v5/market/candles?before=1751471999999&limit=300&instId=ETH-USDT&bar=1D (Caused by ConnectTimeoutError(<urllib3.connection.HTTPSConnection object at 0x000000002A542710>, 'Connection to www.okx.com timed out. (connect timeout=20)')) (retry 2/3)
[2025-07-04 00:07:54] DEBUG: REST GET https://www.okx.com/api/v5/market/candles params={'before': 1751471999999, 'limit': 300, 'instId': 'ETH-USDT', 'bar': '1D'}
[2025-07-04 00:07:54] DEBUG: Page 1: 2 rows, first_ts=1751558400000
[2025-07-04 00:07:55] DEBUG: Saved cache rows=2
[2025-07-04 00:07:57] DEBUG: start_fetch clicked
[2025-07-04 00:07:57] DEBUG: Loading cache cache\ETH-USDT_4H.parquet
[2025-07-04 00:07:57] DEBUG: Cache newest=1751544000000
[2025-07-04 00:08:01] DEBUG: start_fetch clicked
[2025-07-04 00:08:01] DEBUG: Loading cache cache\ETH-USDT_5m.parquet
[2025-07-04 00:08:01] DEBUG: Cache newest=1748880000000
[2025-07-04 00:08:01] DEBUG: REST GET https://www.okx.com/api/v5/market/candles params={'before': 1751471999999, 'limit': 300, 'instId': 'ETH-USDT', 'bar': '5m'}
[2025-07-04 00:08:02] DEBUG: Page 1: 290 rows, first_ts=1751558700000
[2025-07-04 00:08:02] DEBUG: Saved cache rows=290
[2025-07-04 00:08:02] DEBUG: start_fetch clicked
[2025-07-04 00:08:02] DEBUG: Loading cache cache\ETH-USDT_5m.parquet
[2025-07-04 00:08:02] DEBUG: Cache newest=1751558700000
[2025-07-04 00:12:53] DEBUG: WS1S connecting…
[2025-07-04 00:12:53] DEBUG: WS1M connecting…
[2025-07-04 00:12:53] DEBUG: WSOB connecting…
[2025-07-04 00:12:54] DEBUG: WS1S subscribed trades
[2025-07-04 00:12:54] DEBUG: WSOB subscribed books5
[2025-07-04 00:12:54] DEBUG: WS1M subscribed candle1m
[2025-07-04 00:13:08] DEBUG: start_fetch clicked
[2025-07-04 00:13:08] DEBUG: Loading cache cache\ETH-USDT_1m.parquet
[2025-07-04 00:13:08] DEBUG: Cache newest=1751558580000
[2025-07-04 00:13:13] DEBUG: start_fetch clicked
[2025-07-04 00:13:13] DEBUG: Loading cache cache\ETH-USDT_1m.parquet
[2025-07-04 00:13:13] DEBUG: Cache newest=1751558580000
[2025-07-04 00:13:14] DEBUG: start_fetch clicked
[2025-07-04 00:13:14] DEBUG: Loading cache cache\ETH-USDT_1m.parquet
[2025-07-04 00:13:14] DEBUG: Cache newest=1751558580000
[2025-07-04 00:13:15] DEBUG: start_fetch clicked
[2025-07-04 00:13:15] DEBUG: Loading cache cache\ETH-USDT_1m.parquet
[2025-07-04 00:13:15] DEBUG: Cache newest=1751558580000
[2025-07-04 00:13:16] DEBUG: start_fetch clicked
[2025-07-04 00:13:16] DEBUG: Loading cache cache\ETH-USDT_1m.parquet
[2025-07-04 00:13:16] DEBUG: Cache newest=1751558580000
[2025-07-04 00:13:22] DEBUG: start_fetch clicked
[2025-07-04 00:13:22] DEBUG: Loading cache cache\ETH-USDT_1m.parquet
[2025-07-04 00:13:22] DEBUG: Cache newest=1751558580000
[2025-07-04 00:13:23] DEBUG: start_fetch clicked
[2025-07-04 00:13:23] DEBUG: Loading cache cache\ETH-USDT_1m.parquet
[2025-07-04 00:13:23] DEBUG: Cache newest=1751558580000
[2025-07-04 00:13:37] DEBUG: start_fetch clicked
[2025-07-04 00:13:37] DEBUG: Loading cache cache\ETH-USDT_4H.parquet
[2025-07-04 00:13:37] DEBUG: Cache newest=1751544000000
[2025-07-04 00:13:37] DEBUG: REST GET https://www.okx.com/api/v5/market/candles params={'before': 1751558399999, 'limit': 300, 'instId': 'ETH-USDT', 'bar': '4H'}
[2025-07-04 00:13:37] DEBUG: Page 1: 1 rows, first_ts=1751558400000
[2025-07-04 00:13:37] DEBUG: Saved cache rows=7
[2025-07-04 00:13:39] DEBUG: start_fetch clicked
[2025-07-04 00:13:39] DEBUG: Loading cache cache\ETH-USDT_4H.parquet
[2025-07-04 00:13:39] DEBUG: Cache newest=1751558400000
[2025-07-04 00:13:44] DEBUG: start_fetch clicked
[2025-07-04 00:13:44] DEBUG: Loading cache cache\ETH-USDT_1m.parquet
[2025-07-04 00:13:44] DEBUG: Cache newest=1751558580000
[2025-07-04 00:13:50] DEBUG: start_fetch clicked
[2025-07-04 00:13:50] DEBUG: Loading cache cache\ETH-USDT_1m.parquet
[2025-07-04 00:13:50] DEBUG: Cache newest=1751558580000
[2025-07-04 00:15:53] DEBUG: Set ALL_PROXY=http://127.0.0.1:7890
[2025-07-04 00:15:53] DEBUG: WS1M connecting…
[2025-07-04 00:15:53] DEBUG: WS1S connecting…
[2025-07-04 00:15:53] DEBUG: WSOB connecting…
[2025-07-04 00:15:56] DEBUG: WS1M subscribed candle1m
[2025-07-04 00:15:56] DEBUG: WS1M raw msg: {"event":"error","msg":"Wrong URL or channel:candle1m,instId:ETH-USDT doesn't exist. Please use the correct URL, channel and parameters referring to API document.","code":"60018","connId":"0005903c"}
[2025-07-04 00:15:57] DEBUG: WSOB subscribed books5
[2025-07-04 00:15:57] DEBUG: WS1S subscribed trades
[2025-07-04 00:15:57] DEBUG: WSOB raw msg: {"event":"subscribe","arg":{"channel":"books5","instId":"ETH-USDT"},"connId":"f4a52b0b"}…
[2025-07-04 00:15:57] DEBUG: WSOB raw msg: {"arg":{"channel":"books5","instId":"ETH-USDT"},"data":[{"asks":[["2572.92","27.039023","0","10"],["…
[2025-07-04 00:15:57] DEBUG: WSOB raw msg: {"arg":{"channel":"books5","instId":"ETH-USDT"},"data":[{"asks":[["2572.92","13.149732","0","5"],["2…
[2025-07-04 00:15:57] DEBUG: WS1S raw msg: {"event":"subscribe","arg":{"channel":"trades","instId":"ETH-USDT"},"connId":"93f4b1f6"}
[2025-07-04 00:15:57] DEBUG: WSOB raw msg: {"arg":{"channel":"books5","instId":"ETH-USDT"},"data":[{"asks":[["2572.92","13.149732","0","5"],["2…
[2025-07-04 00:15:58] DEBUG: WSOB raw msg: {"arg":{"channel":"books5","instId":"ETH-USDT"},"data":[{"asks":[["2572.92","13.149732","0","5"],["2…
[2025-07-04 00:15:58] DEBUG: WSOB raw msg: {"arg":{"channel":"books5","instId":"ETH-USDT"},"data":[{"asks":[["2572.92","13.149732","0","5"],["2…
[2025-07-04 00:15:58] DEBUG: WSOB raw msg: {"arg":{"channel":"books5","instId":"ETH-USDT"},"data":[{"asks":[["2572.92","13.149732","0","5"],["2…
[2025-07-04 00:15:58] DEBUG: WSOB raw msg: {"arg":{"channel":"books5","instId":"ETH-USDT"},"data":[{"asks":[["2572.89","27.350182","0","11"],["…
[2025-07-04 00:15:58] DEBUG: WS1S raw msg: {"arg":{"channel":"trades","instId":"ETH-USDT"},"data":[{"instId":"ETH-USDT","tradeId":"613503393","px":"2572.83","sz":"0.780295","side":"sell","ts":"1751559355348","count":"2"}]}
[2025-07-04 00:15:58] DEBUG: WSOB raw msg: {"arg":{"channel":"books5","instId":"ETH-USDT"},"data":[{"asks":[["2572.8","40.852545","0","15"],["2…
[2025-07-04 00:15:58] DEBUG: WSOB raw msg: {"arg":{"channel":"books5","instId":"ETH-USDT"},"data":[{"asks":[["2572.66","32.31094","0","12"],["2…
[2025-07-04 00:15:58] DEBUG: WSOB raw msg: {"arg":{"channel":"books5","instId":"ETH-USDT"},"data":[{"asks":[["2572.66","30.02821","0","12"],["2…
[2025-07-04 00:15:58] DEBUG: WSOB raw msg: {"arg":{"channel":"books5","instId":"ETH-USDT"},"data":[{"asks":[["2572.5","32.149337","0","15"],["2…
[2025-07-04 00:15:58] DEBUG: WSOB raw msg: {"arg":{"channel":"books5","instId":"ETH-USDT"},"data":[{"asks":[["2572.5","28.459337","0","14"],["2…
[2025-07-04 00:15:59] DEBUG: WSOB raw msg: {"arg":{"channel":"books5","instId":"ETH-USDT"},"data":[{"asks":[["2572.5","23.331369","0","9"],["25…
[2025-07-04 00:15:59] DEBUG: WSOB raw msg: {"arg":{"channel":"books5","instId":"ETH-USDT"},"data":[{"asks":[["2572.5","23.331369","0","9"],["25…
[2025-07-04 00:15:59] DEBUG: WSOB raw msg: {"arg":{"channel":"books5","instId":"ETH-USDT"},"data":[{"asks":[["2572.5","23.610369","0","10"],["2…
[2025-07-04 00:15:59] DEBUG: WSOB raw msg: {"arg":{"channel":"books5","instId":"ETH-USDT"},"data":[{"asks":[["2572.5","23.331369","0","9"],["25…
[2025-07-04 00:15:59] DEBUG: WSOB raw msg: {"arg":{"channel":"books5","instId":"ETH-USDT"},"data":[{"asks":[["2572.5","22.018172","0","8"],["25…
[2025-07-04 00:15:59] DEBUG: WSOB raw msg: {"arg":{"channel":"books5","instId":"ETH-USDT"},"data":[{"asks":[["2572.5","0.9418","0","1"],["2572.…
[2025-07-04 00:15:59] DEBUG: WSOB raw msg: {"arg":{"channel":"books5","instId":"ETH-USDT"},"data":[{"asks":[["2572.7","10.001","0","4"],["2572.…
[2025-07-04 00:15:59] DEBUG: WSOB raw msg: {"arg":{"channel":"books5","instId":"ETH-USDT"},"data":[{"asks":[["2572.7","10.001","0","4"],["2572.…
[2025-07-04 00:15:59] DEBUG: WSOB raw msg: {"arg":{"channel":"books5","instId":"ETH-USDT"},"data":[{"asks":[["2572.7","13.501","0","5"],["2572.…
[2025-07-04 00:15:59] DEBUG: WSOB raw msg: {"arg":{"channel":"books5","instId":"ETH-USDT"},"data":[{"asks":[["2572.7","13.691","0","5"],["2572.…
[2025-07-04 00:16:00] DEBUG: WSOB raw msg: {"arg":{"channel":"books5","instId":"ETH-USDT"},"data":[{"asks":[["2572.7","13.97","0","6"],["2572.8…
[2025-07-04 00:16:00] DEBUG: WSOB raw msg: {"arg":{"channel":"books5","instId":"ETH-USDT"},"data":[{"asks":[["2572.7","10.28","0","5"],["2572.8…
[2025-07-04 00:16:00] DEBUG: WSOB raw msg: {"arg":{"channel":"books5","instId":"ETH-USDT"},"data":[{"asks":[["2572.7","13.97","0","6"],["2572.8…
[2025-07-04 00:16:00] DEBUG: WSOB raw msg: {"arg":{"channel":"books5","instId":"ETH-USDT"},"data":[{"asks":[["2572.7","10.001","0","4"],["2572.…
[2025-07-04 00:16:00] DEBUG: WSOB raw msg: {"arg":{"channel":"books5","instId":"ETH-USDT"},"data":[{"asks":[["2572.7","8.729","0","3"],["2572.8…
[2025-07-04 00:16:00] DEBUG: WSOB raw msg: {"arg":{"channel":"books5","instId":"ETH-USDT"},"data":[{"asks":[["2572.7","13.824432","0","6"],["25…
[2025-07-04 00:16:00] DEBUG: WSOB raw msg: {"arg":{"channel":"books5","instId":"ETH-USDT"},"data":[{"asks":[["2572.7","14.103432","0","7"],["25…
[2025-07-04 00:16:00] DEBUG: WSOB raw msg: {"arg":{"channel":"books5","instId":"ETH-USDT"},"data":[{"asks":[["2572.7","14.103432","0","7"],["25…
[2025-07-04 00:16:00] DEBUG: WSOB raw msg: {"arg":{"channel":"books5","instId":"ETH-USDT"},"data":[{"asks":[["2572.7","17.603432","0","8"],["25…
[2025-07-04 00:16:01] DEBUG: WSOB raw msg: {"arg":{"channel":"books5","instId":"ETH-USDT"},"data":[{"asks":[["2572.7","17.603432","0","8"],["25…
[2025-07-04 00:16:01] DEBUG: WSOB raw msg: {"arg":{"channel":"books5","instId":"ETH-USDT"},"data":[{"asks":[["2572.7","17.603432","0","8"],["25…
[2025-07-04 00:16:01] DEBUG: WSOB raw msg: {"arg":{"channel":"books5","instId":"ETH-USDT"},"data":[{"asks":[["2572.7","17.603432","0","8"],["25…
[2025-07-04 00:16:01] DEBUG: WSOB raw msg: {"arg":{"channel":"books5","instId":"ETH-USDT"},"data":[{"asks":[["2572.63","1.1003","0","2"],["2572…
[2025-07-04 00:16:01] DEBUG: WSOB raw msg: {"arg":{"channel":"books5","instId":"ETH-USDT"},"data":[{"asks":[["2572.5","33.388933","0","17"],["2…
[2025-07-04 00:16:02] DEBUG: WSOB raw msg: {"arg":{"channel":"books5","instId":"ETH-USDT"},"data":[{"asks":[["2572.5","31.505333","0","15"],["2…
[2025-07-04 00:16:02] DEBUG: WSOB raw msg: {"arg":{"channel":"books5","instId":"ETH-USDT"},"data":[{"asks":[["2572.5","33.515385","0","17"],["2…
[2025-07-04 00:16:02] DEBUG: WSOB raw msg: {"arg":{"channel":"books5","instId":"ETH-USDT"},"data":[{"asks":[["2572.41","25.707953","0","12"],["…
[2025-07-04 00:16:02] DEBUG: WSOB raw msg: {"arg":{"channel":"books5","instId":"ETH-USDT"},"data":[{"asks":[["2572.31","23.439966","0","8"],["2…
[2025-07-04 00:16:02] DEBUG: WSOB raw msg: {"arg":{"channel":"books5","instId":"ETH-USDT"},"data":[{"asks":[["2572.31","23.136844","0","6"],["2…
[2025-07-04 00:16:02] DEBUG: WSOB raw msg: {"arg":{"channel":"books5","instId":"ETH-USDT"},"data":[{"asks":[["2572.31","23.414844","0","7"],["2…
[2025-07-04 00:16:02] DEBUG: WSOB raw msg: {"arg":{"channel":"books5","instId":"ETH-USDT"},"data":[{"asks":[["2572.31","23.136844","0","6"],["2…
[2025-07-04 00:16:02] DEBUG: WSOB raw msg: {"arg":{"channel":"books5","instId":"ETH-USDT"},"data":[{"asks":[["2572.31","23.136844","0","6"],["2…
[2025-07-04 00:16:02] DEBUG: WSOB raw msg: {"arg":{"channel":"books5","instId":"ETH-USDT"},"data":[{"asks":[["2572.31","23.136844","0","6"],["2…
[2025-07-04 00:16:02] DEBUG: WSOB raw msg: {"arg":{"channel":"books5","instId":"ETH-USDT"},"data":[{"asks":[["2572.31","23.414844","0","7"],["2…
[2025-07-04 00:16:02] DEBUG: WSOB raw msg: {"arg":{"channel":"books5","instId":"ETH-USDT"},"data":[{"asks":[["2572.31","31.773454","0","10"],["…
[2025-07-04 00:16:03] DEBUG: WSOB raw msg: {"arg":{"channel":"books5","instId":"ETH-USDT"},"data":[{"asks":[["2572.21","25.459522","0","10"],["…
[2025-07-04 00:16:03] DEBUG: WSOB raw msg: {"arg":{"channel":"books5","instId":"ETH-USDT"},"data":[{"asks":[["2572.21","32.178782","0","12"],["…
[2025-07-04 00:16:03] DEBUG: WSOB raw msg: {"arg":{"channel":"books5","instId":"ETH-USDT"},"data":[{"asks":[["2572.09","46.472462","0","19"],["…
[2025-07-04 00:16:03] DEBUG: WSOB raw msg: {"arg":{"channel":"books5","instId":"ETH-USDT"},"data":[{"asks":[["2572.01","17.928776","0","7"],["2…
[2025-07-04 00:16:03] DEBUG: WSOB raw msg: {"arg":{"channel":"books5","instId":"ETH-USDT"},"data":[{"asks":[["2572.01","17.904654","0","6"],["2…
[2025-07-04 00:16:03] DEBUG: WSOB raw msg: {"arg":{"channel":"books5","instId":"ETH-USDT"},"data":[{"asks":[["2572.01","17.625654","0","5"],["2…
[2025-07-04 00:16:03] DEBUG: WSOB raw msg: {"arg":{"channel":"books5","instId":"ETH-USDT"},"data":[{"asks":[["2572.1","10.746","0","5"],["2572.…
[2025-07-04 00:16:03] DEBUG: WSOB raw msg: {"arg":{"channel":"books5","instId":"ETH-USDT"},"data":[{"asks":[["2572.1","9.474","0","4"],["2572.1…
[2025-07-04 00:16:03] DEBUG: WSOB raw msg: {"arg":{"channel":"books5","instId":"ETH-USDT"},"data":[{"asks":[["2572.1","5.795","0","3"],["2572.1…
[2025-07-04 00:16:03] DEBUG: WSOB raw msg: {"arg":{"channel":"books5","instId":"ETH-USDT"},"data":[{"asks":[["2572.1","4.321","0","2"],["2572.1…
[2025-07-04 00:16:04] DEBUG: WSOB raw msg: {"arg":{"channel":"books5","instId":"ETH-USDT"},"data":[{"asks":[["2572.1","5.593","0","3"],["2572.1…
[2025-07-04 00:16:04] DEBUG: WSOB raw msg: {"arg":{"channel":"books5","instId":"ETH-USDT"},"data":[{"asks":[["2572.1","4.321","0","2"],["2572.1…
[2025-07-04 00:16:04] DEBUG: WSOB raw msg: {"arg":{"channel":"books5","instId":"ETH-USDT"},"data":[{"asks":[["2572.22","0.1","0","1"],["2572.39…
[2025-07-04 00:16:04] DEBUG: WSOB raw msg: {"arg":{"channel":"books5","instId":"ETH-USDT"},"data":[{"asks":[["2572.39","11.855432","0","5"],["2…
[2025-07-04 00:16:04] DEBUG: WSOB raw msg: {"arg":{"channel":"books5","instId":"ETH-USDT"},"data":[{"asks":[["2572.39","12.133432","0","6"],["2…
[2025-07-04 00:16:04] DEBUG: WSOB raw msg: {"arg":{"channel":"books5","instId":"ETH-USDT"},"data":[{"asks":[["2572.39","11.855432","0","5"],["2…
[2025-07-04 00:16:04] DEBUG: WSOB raw msg: {"arg":{"channel":"books5","instId":"ETH-USDT"},"data":[{"asks":[["2572.39","5.987432","0","2"],["25…
[2025-07-04 00:16:04] DEBUG: WSOB raw msg: {"arg":{"channel":"books5","instId":"ETH-USDT"},"data":[{"asks":[["2572.44","2.89184","0","1"],["257…
[2025-07-04 00:16:04] DEBUG: WSOB raw msg: {"arg":{"channel":"books5","instId":"ETH-USDT"},"data":[{"asks":[["2572.6","8.631","0","3"],["2572.7…
[2025-07-04 00:16:05] DEBUG: WSOB raw msg: {"arg":{"channel":"books5","instId":"ETH-USDT"},"data":[{"asks":[["2572.6","8.631","0","3"],["2572.7…
[2025-07-04 00:16:05] DEBUG: WSOB raw msg: {"arg":{"channel":"books5","instId":"ETH-USDT"},"data":[{"asks":[["2572.6","7.441","0","2"],["2572.7…
[2025-07-04 00:16:05] DEBUG: WSOB raw msg: {"arg":{"channel":"books5","instId":"ETH-USDT"},"data":[{"asks":[["2572.6","3.121","0","1"],["2572.7…
[2025-07-04 00:16:05] DEBUG: WSOB raw msg: {"arg":{"channel":"books5","instId":"ETH-USDT"},"data":[{"asks":[["2572.6","3.121","0","1"],["2572.7…
[2025-07-04 00:16:05] DEBUG: WSOB raw msg: {"arg":{"channel":"books5","instId":"ETH-USDT"},"data":[{"asks":[["2572.6","4.320302","0","4"],["257…
[2025-07-04 00:16:05] DEBUG: WSOB raw msg: {"arg":{"channel":"books5","instId":"ETH-USDT"},"data":[{"asks":[["2572.6","4.320302","0","4"],["257…
[2025-07-04 00:16:05] DEBUG: WSOB raw msg: {"arg":{"channel":"books5","instId":"ETH-USDT"},"data":[{"asks":[["2572.78","3.128651","0","1"],["25…
[2025-07-04 00:16:06] DEBUG: WSOB raw msg: {"arg":{"channel":"books5","instId":"ETH-USDT"},"data":[{"asks":[["2572.78","3.128651","0","1"],["25…
[2025-07-04 00:16:06] DEBUG: WSOB raw msg: {"arg":{"channel":"books5","instId":"ETH-USDT"},"data":[{"asks":[["2572.78","7.132814","0","2"],["25…
[2025-07-04 00:16:06] DEBUG: WSOB raw msg: {"arg":{"channel":"books5","instId":"ETH-USDT"},"data":[{"asks":[["2572.78","7.132814","0","2"],["25…
[2025-07-04 00:16:06] DEBUG: WSOB raw msg: {"arg":{"channel":"books5","instId":"ETH-USDT"},"data":[{"asks":[["2572.87","0.1","0","1"],["2572.9"…
[2025-07-04 00:16:06] DEBUG: WSOB raw msg: {"arg":{"channel":"books5","instId":"ETH-USDT"},"data":[{"asks":[["2572.9","4.320814","0","2"],["257…
[2025-07-04 00:16:06] DEBUG: WSOB raw msg: {"arg":{"channel":"books5","instId":"ETH-USDT"},"data":[{"asks":[["2572.9","8.640814","0","3"],["257…
[2025-07-04 00:16:06] DEBUG: WSOB raw msg: {"arg":{"channel":"books5","instId":"ETH-USDT"},"data":[{"asks":[["2572.9","8.640814","0","3"],["257…
[2025-07-04 00:16:06] DEBUG: WSOB raw msg: {"arg":{"channel":"books5","instId":"ETH-USDT"},"data":[{"asks":[["2572.9","8.640814","0","3"],["257…
[2025-07-04 00:16:07] DEBUG: WSOB raw msg: {"arg":{"channel":"books5","instId":"ETH-USDT"},"data":[{"asks":[["2572.9","7.450814","0","2"],["257…
[2025-07-04 00:16:07] DEBUG: WSOB raw msg: {"arg":{"channel":"books5","instId":"ETH-USDT"},"data":[{"asks":[["2572.9","7.450814","0","2"],["257…
[2025-07-04 00:16:07] DEBUG: WSOB raw msg: {"arg":{"channel":"books5","instId":"ETH-USDT"},"data":[{"asks":[["2572.9","8.640814","0","3"],["257…
[2025-07-04 00:16:07] DEBUG: WSOB raw msg: {"arg":{"channel":"books5","instId":"ETH-USDT"},"data":[{"asks":[["2572.9","8.640814","0","3"],["257…
[2025-07-04 00:16:07] DEBUG: WSOB raw msg: {"arg":{"channel":"books5","instId":"ETH-USDT"},"data":[{"asks":[["2572.9","8.640814","0","3"],["257…
[2025-07-04 00:16:07] DEBUG: WSOB raw msg: {"arg":{"channel":"books5","instId":"ETH-USDT"},"data":[{"asks":[["2572.9","8.640814","0","3"],["257…
[2025-07-04 00:16:07] DEBUG: WSOB raw msg: {"arg":{"channel":"books5","instId":"ETH-USDT"},"data":[{"asks":[["2572.9","7.519566","0","3"],["257…
[2025-07-04 00:16:07] DEBUG: WSOB raw msg: {"arg":{"channel":"books5","instId":"ETH-USDT"},"data":[{"asks":[["2572.9","7.519566","0","3"],["257…
[2025-07-04 00:16:07] DEBUG: WSOB raw msg: {"arg":{"channel":"books5","instId":"ETH-USDT"},"data":[{"asks":[["2572.94","5.2","0","1"],["2572.96…
[2025-07-04 00:16:08] DEBUG: WSOB raw msg: {"arg":{"channel":"books5","instId":"ETH-USDT"},"data":[{"asks":[["2572.94","5.2","0","1"],["2572.96…
[2025-07-04 00:16:08] DEBUG: WSOB raw msg: {"arg":{"channel":"books5","instId":"ETH-USDT"},"data":[{"asks":[["2572.96","0.09069","0","1"],["257…
[2025-07-04 00:16:08] DEBUG: WSOB raw msg: {"arg":{"channel":"books5","instId":"ETH-USDT"},"data":[{"asks":[["2573.26","18.576246","0","7"],["2…
[2025-07-04 00:16:08] DEBUG: WSOB raw msg: {"arg":{"channel":"books5","instId":"ETH-USDT"},"data":[{"asks":[["2573.24","35.982239","0","13"],["…
[2025-07-04 00:16:08] DEBUG: WSOB raw msg: {"arg":{"channel":"books5","instId":"ETH-USDT"},"data":[{"asks":[["2573.24","8.459614","0","3"],["25…
[2025-07-04 00:16:08] DEBUG: WSOB raw msg: {"arg":{"channel":"books5","instId":"ETH-USDT"},"data":[{"asks":[["2573.24","11.207814","0","3"],["2…
[2025-07-04 00:16:08] DEBUG: WSOB raw msg: {"arg":{"channel":"books5","instId":"ETH-USDT"},"data":[{"asks":[["2573.24","11.485814","0","4"],["2…
[2025-07-04 00:16:08] DEBUG: WSOB raw msg: {"arg":{"channel":"books5","instId":"ETH-USDT"},"data":[{"asks":[["2573.24","7.517814","0","2"],["25…
[2025-07-04 00:16:08] DEBUG: WSOB raw msg: {"arg":{"channel":"books5","instId":"ETH-USDT"},"data":[{"asks":[["2573.24","7.517814","0","2"],["25…
[2025-07-04 00:16:09] DEBUG: WSOB raw msg: {"arg":{"channel":"books5","instId":"ETH-USDT"},"data":[{"asks":[["2573.24","7.517814","0","2"],["25…
[2025-07-04 00:16:09] DEBUG: WSOB raw msg: {"arg":{"channel":"books5","instId":"ETH-USDT"},"data":[{"asks":[["2573.24","12.530246","0","4"],["2…
[2025-07-04 00:16:09] DEBUG: WSOB raw msg: {"arg":{"channel":"books5","instId":"ETH-USDT"},"data":[{"asks":[["2573.24","12.809246","0","5"],["2…
[2025-07-04 00:16:09] DEBUG: WSOB raw msg: {"arg":{"channel":"books5","instId":"ETH-USDT"},"data":[{"asks":[["2573.24","8.840246","0","3"],["25…
[2025-07-04 00:16:09] DEBUG: WSOB raw msg: {"arg":{"channel":"books5","instId":"ETH-USDT"},"data":[{"asks":[["2573.24","12.530246","0","4"],["2…
[2025-07-04 00:16:10] DEBUG: WSOB raw msg: {"arg":{"channel":"books5","instId":"ETH-USDT"},"data":[{"asks":[["2573.24","12.808246","0","5"],["2…
[2025-07-04 00:16:10] DEBUG: WSOB raw msg: {"arg":{"channel":"books5","instId":"ETH-USDT"},"data":[{"asks":[["2573.24","12.530246","0","4"],["2…
[2025-07-04 00:16:10] DEBUG: WSOB raw msg: {"arg":{"channel":"books5","instId":"ETH-USDT"},"data":[{"asks":[["2573.24","17.687728","0","8"],["2…
[2025-07-04 00:16:10] DEBUG: WSOB raw msg: {"arg":{"channel":"books5","instId":"ETH-USDT"},"data":[{"asks":[["2573.16","27.06384","0","7"],["25…
[2025-07-04 00:16:10] DEBUG: WSOB raw msg: {"arg":{"channel":"books5","instId":"ETH-USDT"},"data":[{"asks":[["2573.16","23.38484","0","6"],["25…
[2025-07-04 00:16:10] DEBUG: WSOB raw msg: {"arg":{"channel":"books5","instId":"ETH-USDT"},"data":[{"asks":[["2573.16","18.79684","0","5"],["25…
[2025-07-04 00:16:10] DEBUG: WSOB raw msg: {"arg":{"channel":"books5","instId":"ETH-USDT"},"data":[{"asks":[["2573.16","15.688246","0","4"],["2…
[2025-07-04 00:16:10] DEBUG: WSOB raw msg: {"arg":{"channel":"books5","instId":"ETH-USDT"},"data":[{"asks":[["2573.16","11.998246","0","3"],["2…
[2025-07-04 00:16:10] DEBUG: WSOB raw msg: {"arg":{"channel":"books5","instId":"ETH-USDT"},"data":[{"asks":[["2573.16","11.998246","0","3"],["2…
[2025-07-04 00:16:10] DEBUG: WSOB raw msg: {"arg":{"channel":"books5","instId":"ETH-USDT"},"data":[{"asks":[["2573.16","3.223814","0","1"],["25…
[2025-07-04 00:16:10] DEBUG: WSOB raw msg: {"arg":{"channel":"books5","instId":"ETH-USDT"},"data":[{"asks":[["2573.33","16.245814","0","4"],["2…
[2025-07-04 00:16:11] DEBUG: WSOB raw msg: {"arg":{"channel":"books5","instId":"ETH-USDT"},"data":[{"asks":[["2573.33","12.745814","0","3"],["2…
[2025-07-04 00:16:11] DEBUG: WSOB raw msg: {"arg":{"channel":"books5","instId":"ETH-USDT"},"data":[{"asks":[["2573.33","17.795814","0","6"],["2…
[2025-07-04 00:16:11] DEBUG: WSOB raw msg: {"arg":{"channel":"books5","instId":"ETH-USDT"},"data":[{"asks":[["2573.21","33.626422","0","13"],["…
[2025-07-04 00:16:11] DEBUG: WSOB raw msg: {"arg":{"channel":"books5","instId":"ETH-USDT"},"data":[{"asks":[["2573.21","30.126422","0","12"],["…
[2025-07-04 00:16:11] DEBUG: WSOB raw msg: {"arg":{"channel":"books5","instId":"ETH-USDT"},"data":[{"asks":[["2573.21","33.347422","0","12"],["…
[2025-07-04 00:16:11] DEBUG: WSOB raw msg: {"arg":{"channel":"books5","instId":"ETH-USDT"},"data":[{"asks":[["2573.21","29.947422","0","12"],["…
[2025-07-04 00:16:11] DEBUG: WSOB raw msg: {"arg":{"channel":"books5","instId":"ETH-USDT"},"data":[{"asks":[["2573.21","3.350814","0","2"],["25…
[2025-07-04 00:16:11] DEBUG: WSOB raw msg: {"arg":{"channel":"books5","instId":"ETH-USDT"},"data":[{"asks":[["2573.21","10.163814","0","3"],["2…
[2025-07-04 00:16:12] DEBUG: WSOB raw msg: {"arg":{"channel":"books5","instId":"ETH-USDT"},"data":[{"asks":[["2573.21","6.473814","0","2"],["25…
[2025-07-04 00:16:12] DEBUG: WSOB raw msg: {"arg":{"channel":"books5","instId":"ETH-USDT"},"data":[{"asks":[["2573.33","14.440246","0","5"],["2…
[2025-07-04 00:16:12] DEBUG: WSOB raw msg: {"arg":{"channel":"books5","instId":"ETH-USDT"},"data":[{"asks":[["2573.33","10.156814","0","3"],["2…
[2025-07-04 00:16:12] DEBUG: WSOB raw msg: {"arg":{"channel":"books5","instId":"ETH-USDT"},"data":[{"asks":[["2573.33","13.846814","0","4"],["2…
[2025-07-04 00:16:12] DEBUG: WSOB raw msg: {"arg":{"channel":"books5","instId":"ETH-USDT"},"data":[{"asks":[["2573.33","13.846814","0","4"],["2…
[2025-07-04 00:16:13] DEBUG: WSOB raw msg: {"arg":{"channel":"books5","instId":"ETH-USDT"},"data":[{"asks":[["2573.33","8.461814","0","2"],["25…
[2025-07-04 00:16:13] DEBUG: WSOB raw msg: {"arg":{"channel":"books5","instId":"ETH-USDT"},"data":[{"asks":[["2573.33","14.112814","0","4"],["2…
[2025-07-04 00:16:13] DEBUG: WSOB raw msg: {"arg":{"channel":"books5","instId":"ETH-USDT"},"data":[{"asks":[["2573.33","14.112814","0","4"],["2…
[2025-07-04 00:16:13] DEBUG: WSOB raw msg: {"arg":{"channel":"books5","instId":"ETH-USDT"},"data":[{"asks":[["2573.33","15.662814","0","6"],["2…
[2025-07-04 00:16:13] DEBUG: WSOB raw msg: {"arg":{"channel":"books5","instId":"ETH-USDT"},"data":[{"asks":[["2572.97","18.416089","0","12"],["…
[2025-07-04 00:16:13] DEBUG: WSOB raw msg: {"arg":{"channel":"books5","instId":"ETH-USDT"},"data":[{"asks":[["2572.55","20.547184","0","13"],["…
[2025-07-04 00:16:13] DEBUG: WSOB raw msg: {"arg":{"channel":"books5","instId":"ETH-USDT"},"data":[{"asks":[["2572.17","27.904651","0","20"],["…
[2025-07-04 00:16:13] DEBUG: WSOB raw msg: {"arg":{"channel":"books5","instId":"ETH-USDT"},"data":[{"asks":[["2572.17","15.177098","0","10"],["…
[2025-07-04 00:16:13] DEBUG: WSOB raw msg: {"arg":{"channel":"books5","instId":"ETH-USDT"},"data":[{"asks":[["2572.17","6.613994","0","4"],["25…
[2025-07-04 00:16:13] DEBUG: WSOB raw msg: {"arg":{"channel":"books5","instId":"ETH-USDT"},"data":[{"asks":[["2572.17","12.049551","0","7"],["2…
[2025-07-04 00:16:13] DEBUG: WSOB raw msg: {"arg":{"channel":"books5","instId":"ETH-USDT"},"data":[{"asks":[["2572.26","4.440232","0","2"],["25…
[2025-07-04 00:16:13] DEBUG: WSOB raw msg: {"arg":{"channel":"books5","instId":"ETH-USDT"},"data":[{"asks":[["2572.26","4.440232","0","2"],["25…
[2025-07-04 00:16:14] DEBUG: WSOB raw msg: {"arg":{"channel":"books5","instId":"ETH-USDT"},"data":[{"asks":[["2572.26","4.320232","0","1"],["25…
[2025-07-04 00:16:14] DEBUG: WSOB raw msg: {"arg":{"channel":"books5","instId":"ETH-USDT"},"data":[{"asks":[["2572.39","0.12","0","1"],["2572.4…
[2025-07-04 00:16:14] DEBUG: WSOB raw msg: {"arg":{"channel":"books5","instId":"ETH-USDT"},"data":[{"asks":[["2572.5","8.973896","0","4"],["257…
[2025-07-04 00:16:14] DEBUG: WSOB raw msg: {"arg":{"channel":"books5","instId":"ETH-USDT"},"data":[{"asks":[["2572.7","9.882664","0","3"],["257…
[2025-07-04 00:16:15] DEBUG: WSOB raw msg: {"arg":{"channel":"books5","instId":"ETH-USDT"},"data":[{"asks":[["2572.7","13.572664","0","4"],["25…
[2025-07-04 00:16:15] DEBUG: WSOB raw msg: {"arg":{"channel":"books5","instId":"ETH-USDT"},"data":[{"asks":[["2572.7","13.572664","0","4"],["25…
[2025-07-04 00:16:15] DEBUG: WSOB raw msg: {"arg":{"channel":"books5","instId":"ETH-USDT"},"data":[{"asks":[["2572.7","8.985478","0","3"],["257…
[2025-07-04 00:16:15] DEBUG: WSOB raw msg: {"arg":{"channel":"books5","instId":"ETH-USDT"},"data":[{"asks":[["2572.76","8.818664","0","3"],["25…
[2025-07-04 00:16:15] DEBUG: WSOB raw msg: {"arg":{"channel":"books5","instId":"ETH-USDT"},"data":[{"asks":[["2572.76","12.408664","0","3"],["2…
[2025-07-04 00:16:15] DEBUG: WSOB raw msg: {"arg":{"channel":"books5","instId":"ETH-USDT"},"data":[{"asks":[["2572.76","12.408664","0","3"],["2…
[2025-07-04 00:16:15] DEBUG: WSOB raw msg: {"arg":{"channel":"books5","instId":"ETH-USDT"},"data":[{"asks":[["2572.76","12.408664","0","3"],["2…
[2025-07-04 00:16:15] DEBUG: WSOB raw msg: {"arg":{"channel":"books5","instId":"ETH-USDT"},"data":[{"asks":[["2572.76","12.408664","0","3"],["2…
[2025-07-04 00:16:15] DEBUG: WSOB raw msg: {"arg":{"channel":"books5","instId":"ETH-USDT"},"data":[{"asks":[["2572.76","12.408664","0","3"],["2…
[2025-07-04 00:16:15] DEBUG: WSOB raw msg: {"arg":{"channel":"books5","instId":"ETH-USDT"},"data":[{"asks":[["2572.76","12.408664","0","3"],["2…
[2025-07-04 00:16:15] DEBUG: WSOB raw msg: {"arg":{"channel":"books5","instId":"ETH-USDT"},"data":[{"asks":[["2572.76","12.408664","0","3"],["2…
[2025-07-04 00:16:15] DEBUG: WSOB raw msg: {"arg":{"channel":"books5","instId":"ETH-USDT"},"data":[{"asks":[["2572.76","13.680664","0","4"],["2…
[2025-07-04 00:16:16] DEBUG: WSOB raw msg: {"arg":{"channel":"books5","instId":"ETH-USDT"},"data":[{"asks":[["2572.76","13.958664","0","5"],["2…
[2025-07-04 00:16:16] DEBUG: WSOB raw msg: {"arg":{"channel":"books5","instId":"ETH-USDT"},"data":[{"asks":[["2572.63","28.762737","0","11"],["…
[2025-07-04 00:16:16] DEBUG: WSOB raw msg: {"arg":{"channel":"books5","instId":"ETH-USDT"},"data":[{"asks":[["2572.63","29.648737","0","12"],["…
[2025-07-04 00:16:16] DEBUG: WSOB raw msg: {"arg":{"channel":"books5","instId":"ETH-USDT"},"data":[{"asks":[["2572.51","25.162924","0","10"],["…
[2025-07-04 00:16:16] DEBUG: WSOB raw msg: {"arg":{"channel":"books5","instId":"ETH-USDT"},"data":[{"asks":[["2572.51","19.921924","0","7"],["2…
[2025-07-04 00:16:16] DEBUG: WSOB raw msg: {"arg":{"channel":"books5","instId":"ETH-USDT"},"data":[{"asks":[["2572.51","22.357924","0","10"],["…
[2025-07-04 00:16:16] DEBUG: WSOB raw msg: {"arg":{"channel":"books5","instId":"ETH-USDT"},"data":[{"asks":[["2572.44","19.776051","0","7"],["2…
[2025-07-04 00:16:16] DEBUG: WSOB raw msg: {"arg":{"channel":"books5","instId":"ETH-USDT"},"data":[{"asks":[["2572.44","13.045778","0","5"],["2…
[2025-07-04 00:16:17] DEBUG: WSOB raw msg: {"arg":{"channel":"books5","instId":"ETH-USDT"},"data":[{"asks":[["2572.44","8.593346","0","4"],["25…
[2025-07-04 00:16:17] DEBUG: WSOB raw msg: {"arg":{"channel":"books5","instId":"ETH-USDT"},"data":[{"asks":[["2572.44","8.593346","0","4"],["25…
[2025-07-04 00:16:17] DEBUG: WSOB raw msg: {"arg":{"channel":"books5","instId":"ETH-USDT"},"data":[{"asks":[["2572.44","7.651546","0","3"],["25…
[2025-07-04 00:16:17] DEBUG: WSOB raw msg: {"arg":{"channel":"books5","instId":"ETH-USDT"},"data":[{"asks":[["2572.44","7.651546","0","3"],["25…
[2025-07-04 00:16:17] DEBUG: WSOB raw msg: {"arg":{"channel":"books5","instId":"ETH-USDT"},"data":[{"asks":[["2572.44","4.478732","0","2"],["25…
[2025-07-04 00:16:17] DEBUG: WSOB raw msg: {"arg":{"channel":"books5","instId":"ETH-USDT"},"data":[{"asks":[["2572.44","4.478732","0","2"],["25…
[2025-07-04 00:16:17] DEBUG: WSOB raw msg: {"arg":{"channel":"books5","instId":"ETH-USDT"},"data":[{"asks":[["2572.44","10.885792","0","5"],["2…
[2025-07-04 00:16:17] DEBUG: WSOB raw msg: {"arg":{"channel":"books5","instId":"ETH-USDT"},"data":[{"asks":[["2572.44","15.847792","0","7"],["2…
[2025-07-04 00:16:17] DEBUG: WSOB raw msg: {"arg":{"channel":"books5","instId":"ETH-USDT"},"data":[{"asks":[["2572.25","1.1003","0","2"],["2572…
[2025-07-04 00:16:17] DEBUG: start_fetch clicked
[2025-07-04 00:16:17] DEBUG: WSOB raw msg: {"arg":{"channel":"books5","instId":"ETH-USDT"},"data":[{"asks":[["2572.25","32.939353","0","11"],["…
[2025-07-04 00:16:17] DEBUG: WSOB raw msg: {"arg":{"channel":"books5","instId":"ETH-USDT"},"data":[{"asks":[["2572.25","33.217353","0","12"],["…
[2025-07-04 00:16:17] DEBUG: Loading cache cache\ETH-USDT_1m.parquet
[2025-07-04 00:16:17] DEBUG: WSOB raw msg: {"arg":{"channel":"books5","instId":"ETH-USDT"},"data":[{"asks":[["2572.25","33.217353","0","12"],["…
[2025-07-04 00:16:18] DEBUG: Cache newest=1751558580000
[2025-07-04 00:16:18] DEBUG: WSOB raw msg: {"arg":{"channel":"books5","instId":"ETH-USDT"},"data":[{"asks":[["2572.25","32.331353","0","11"],["…
[2025-07-04 00:16:18] DEBUG: WSOB raw msg: {"arg":{"channel":"books5","instId":"ETH-USDT"},"data":[{"asks":[["2572.25","32.331353","0","11"],["…
[2025-07-04 00:16:18] DEBUG: WSOB raw msg: {"arg":{"channel":"books5","instId":"ETH-USDT"},"data":[{"asks":[["2572.25","33.603353","0","12"],["…
[2025-07-04 00:16:18] DEBUG: WSOB raw msg: {"arg":{"channel":"books5","instId":"ETH-USDT"},"data":[{"asks":[["2572.25","34.489353","0","13"],["…
[2025-07-04 00:16:18] DEBUG: WSOB raw msg: {"arg":{"channel":"books5","instId":"ETH-USDT"},"data":[{"asks":[["2572.25","34.689353","0","15"],["…
[2025-07-04 00:16:18] DEBUG: WSOB raw msg: {"arg":{"channel":"books5","instId":"ETH-USDT"},"data":[{"asks":[["2572.25","31.189353","0","14"],["…
[2025-07-04 00:16:18] DEBUG: WSOB raw msg: {"arg":{"channel":"books5","instId":"ETH-USDT"},"data":[{"asks":[["2572.25","25.341353","0","11"],["…
[2025-07-04 00:16:18] DEBUG: WSOB raw msg: {"arg":{"channel":"books5","instId":"ETH-USDT"},"data":[{"asks":[["2572.17","26.538108","0","13"],["…
[2025-07-04 00:16:19] DEBUG: WSOB raw msg: {"arg":{"channel":"books5","instId":"ETH-USDT"},"data":[{"asks":[["2572.17","26.538108","0","13"],["…
[2025-07-04 00:16:19] DEBUG: WSOB raw msg: {"arg":{"channel":"books5","instId":"ETH-USDT"},"data":[{"asks":[["2572.17","26.538108","0","13"],["…
[2025-07-04 00:16:19] DEBUG: WSOB raw msg: {"arg":{"channel":"books5","instId":"ETH-USDT"},"data":[{"asks":[["2572.17","26.538108","0","13"],["…
[2025-07-04 00:16:19] DEBUG: WSOB raw msg: {"arg":{"channel":"books5","instId":"ETH-USDT"},"data":[{"asks":[["2572.17","23.041911","0","13"],["…
[2025-07-04 00:16:19] DEBUG: WSOB raw msg: {"arg":{"channel":"books5","instId":"ETH-USDT"},"data":[{"asks":[["2572.17","14.703603","0","7"],["2…
[2025-07-04 00:16:19] DEBUG: WSOB raw msg: {"arg":{"channel":"books5","instId":"ETH-USDT"},"data":[{"asks":[["2572.17","0.003803","0","1"],["25…
[2025-07-04 00:16:19] DEBUG: WSOB raw msg: {"arg":{"channel":"books5","instId":"ETH-USDT"},"data":[{"asks":[["2572.3","9.420046","0","4"],["257…
[2025-07-04 00:16:19] DEBUG: WSOB raw msg: {"arg":{"channel":"books5","instId":"ETH-USDT"},"data":[{"asks":[["2572.3","10.692046","0","5"],["25…
[2025-07-04 00:16:19] DEBUG: WSOB raw msg: {"arg":{"channel":"books5","instId":"ETH-USDT"},"data":[{"asks":[["2572.3","10.970046","0","6"],["25…
[2025-07-04 00:16:19] DEBUG: WSOB raw msg: {"arg":{"channel":"books5","instId":"ETH-USDT"},"data":[{"asks":[["2572.3","5.730046","0","3"],["257…
[2025-07-04 00:16:20] DEBUG: WSOB raw msg: {"arg":{"channel":"books5","instId":"ETH-USDT"},"data":[{"asks":[["2572.3","7.085664","0","3"],["257…
[2025-07-04 00:16:20] DEBUG: WSOB raw msg: {"arg":{"channel":"books5","instId":"ETH-USDT"},"data":[{"asks":[["2572.3","6.120096","0","3"],["257…
[2025-07-04 00:16:20] DEBUG: WSOB raw msg: {"arg":{"channel":"books5","instId":"ETH-USDT"},"data":[{"asks":[["2572.3","8.287528","0","5"],["257…
[2025-07-04 00:16:20] DEBUG: WSOB raw msg: {"arg":{"channel":"books5","instId":"ETH-USDT"},"data":[{"asks":[["2572.3","8.287528","0","5"],["257…
[2025-07-04 00:16:21] DEBUG: WSOB raw msg: {"arg":{"channel":"books5","instId":"ETH-USDT"},"data":[{"asks":[["2572.3","9.123342","0","6"],["257…
[2025-07-04 00:16:21] DEBUG: WSOB raw msg: {"arg":{"channel":"books5","instId":"ETH-USDT"},"data":[{"asks":[["2572.3","14.364342","0","9"],["25…
[2025-07-04 00:16:21] DEBUG: WSOB raw msg: {"arg":{"channel":"books5","instId":"ETH-USDT"},"data":[{"asks":[["2572.3","14.364342","0","9"],["25…
[2025-07-04 00:16:21] DEBUG: WSOB raw msg: {"arg":{"channel":"books5","instId":"ETH-USDT"},"data":[{"asks":[["2572.3","9.123342","0","6"],["257…
[2025-07-04 00:16:21] DEBUG: WSOB raw msg: {"arg":{"channel":"books5","instId":"ETH-USDT"},"data":[{"asks":[["2572.3","9.123342","0","6"],["257…
[2025-07-04 00:16:21] DEBUG: WSOB raw msg: {"arg":{"channel":"books5","instId":"ETH-USDT"},"data":[{"asks":[["2572.3","7.933342","0","5"],["257…
[2025-07-04 00:16:21] DEBUG: WSOB raw msg: {"arg":{"channel":"books5","instId":"ETH-USDT"},"data":[{"asks":[["2572.3","7.933342","0","5"],["257…
[2025-07-04 00:16:21] DEBUG: WSOB raw msg: {"arg":{"channel":"books5","instId":"ETH-USDT"},"data":[{"asks":[["2572.3","10.673342","0","8"],["25…
[2025-07-04 00:16:21] DEBUG: WSOB raw msg: {"arg":{"channel":"books5","instId":"ETH-USDT"},"data":[{"asks":[["2572.3","14.363342","0","9"],["25…
[2025-07-04 00:16:21] DEBUG: WSOB raw msg: {"arg":{"channel":"books5","instId":"ETH-USDT"},"data":[{"asks":[["2572.11","27.542483","0","12"],["…
[2025-07-04 00:16:21] DEBUG: WSOB raw msg: {"arg":{"channel":"books5","instId":"ETH-USDT"},"data":[{"asks":[["2572.11","23.649443","0","6"],["2…
[2025-07-04 00:16:21] DEBUG: WSOB raw msg: {"arg":{"channel":"books5","instId":"ETH-USDT"},"data":[{"asks":[["2572.11","16.795383","0","4"],["2…
[2025-07-04 00:16:21] DEBUG: WSOB raw msg: {"arg":{"channel":"books5","instId":"ETH-USDT"},"data":[{"asks":[["2572.11","1.474","0","1"],["2572.…
[2025-07-04 00:16:22] DEBUG: WSOB raw msg: {"arg":{"channel":"books5","instId":"ETH-USDT"},"data":[{"asks":[["2572.11","1.474","0","1"],["2572.…
[2025-07-04 00:16:22] DEBUG: WSOB raw msg: {"arg":{"channel":"books5","instId":"ETH-USDT"},"data":[{"asks":[["2572.15","6.719272","0","2"],["25…
[2025-07-04 00:16:22] DEBUG: WSOB raw msg: {"arg":{"channel":"books5","instId":"ETH-USDT"},"data":[{"asks":[["2572.15","6.719272","0","2"],["25…
[2025-07-04 00:16:22] DEBUG: WSOB raw msg: {"arg":{"channel":"books5","instId":"ETH-USDT"},"data":[{"asks":[["2572.15","10.739631","0","8"],["2…
[2025-07-04 00:16:22] DEBUG: WSOB raw msg: {"arg":{"channel":"books5","instId":"ETH-USDT"},"data":[{"asks":[["2572.03","44.184741","0","16"],["…
[2025-07-04 00:16:22] DEBUG: WSOB raw msg: {"arg":{"channel":"books5","instId":"ETH-USDT"},"data":[{"asks":[["2572.03","38.898741","0","14"],["…
[2025-07-04 00:16:22] DEBUG: WSOB raw msg: {"arg":{"channel":"books5","instId":"ETH-USDT"},"data":[{"asks":[["2572.03","19.834561","0","6"],["2…
[2025-07-04 00:16:22] DEBUG: WSOB raw msg: {"arg":{"channel":"books5","instId":"ETH-USDT"},"data":[{"asks":[["2572.03","19.834561","0","6"],["2…
[2025-07-04 00:16:22] DEBUG: WSOB raw msg: {"arg":{"channel":"books5","instId":"ETH-USDT"},"data":[{"asks":[["2572.03","11.191296","0","4"],["2…
[2025-07-04 00:16:23] DEBUG: WSOB raw msg: {"arg":{"channel":"books5","instId":"ETH-USDT"},"data":[{"asks":[["2572.03","3.205814","0","1"],["25…
[2025-07-04 00:16:23] DEBUG: WSOB raw msg: {"arg":{"channel":"books5","instId":"ETH-USDT"},"data":[{"asks":[["2572.03","3.205814","0","1"],["25…
[2025-07-04 00:16:23] DEBUG: WSOB raw msg: {"arg":{"channel":"books5","instId":"ETH-USDT"},"data":[{"asks":[["2572.03","4.477814","0","2"],["25…
[2025-07-04 00:16:23] DEBUG: WSOB raw msg: {"arg":{"channel":"books5","instId":"ETH-USDT"},"data":[{"asks":[["2572.22","0.1","0","1"],["2572.28…
[2025-07-04 00:16:23] DEBUG: WSOB raw msg: {"arg":{"channel":"books5","instId":"ETH-USDT"},"data":[{"asks":[["2572.3","13.943046","0","6"],["25…
[2025-07-04 00:16:23] DEBUG: WSOB raw msg: {"arg":{"channel":"books5","instId":"ETH-USDT"},"data":[{"asks":[["2572.3","13.943046","0","6"],["25…
[2025-07-04 00:16:23] DEBUG: WSOB raw msg: {"arg":{"channel":"books5","instId":"ETH-USDT"},"data":[{"asks":[["2572.3","12.393046","0","4"],["25…
[2025-07-04 00:16:23] DEBUG: WSOB raw msg: {"arg":{"channel":"books5","instId":"ETH-USDT"},"data":[{"asks":[["2572.21","25.822022","0","11"],["…
[2025-07-04 00:16:23] DEBUG: WSOB raw msg: {"arg":{"channel":"books5","instId":"ETH-USDT"},"data":[{"asks":[["2572.11","31.476931","0","12"],["…
[2025-07-04 00:16:24] DEBUG: WSOB raw msg: {"arg":{"channel":"books5","instId":"ETH-USDT"},"data":[{"asks":[["2572.11","31.476931","0","12"],["…
[2025-07-04 00:16:24] DEBUG: WSOB raw msg: {"arg":{"channel":"books5","instId":"ETH-USDT"},"data":[{"asks":[["2572.11","29.925931","0","10"],["…
[2025-07-04 00:16:24] DEBUG: WSOB raw msg: {"arg":{"channel":"books5","instId":"ETH-USDT"},"data":[{"asks":[["2572.03","31.64669","0","11"],["2…
[2025-07-04 00:16:24] DEBUG: WSOB raw msg: {"arg":{"channel":"books5","instId":"ETH-USDT"},"data":[{"asks":[["2572.03","30.47369","0","11"],["2…
[2025-07-04 00:16:24] DEBUG: WSOB raw msg: {"arg":{"channel":"books5","instId":"ETH-USDT"},"data":[{"asks":[["2572.03","31.35969","0","12"],["2…
[2025-07-04 00:16:24] DEBUG: WSOB raw msg: {"arg":{"channel":"books5","instId":"ETH-USDT"},"data":[{"asks":[["2572.03","30.47369","0","11"],["2…
[2025-07-04 00:16:24] DEBUG: WSOB raw msg: {"arg":{"channel":"books5","instId":"ETH-USDT"},"data":[{"asks":[["2572.03","30.47369","0","11"],["2…
[2025-07-04 00:16:24] DEBUG: WSOB raw msg: {"arg":{"channel":"books5","instId":"ETH-USDT"},"data":[{"asks":[["2572.03","30.47369","0","11"],["2…
[2025-07-04 00:16:25] DEBUG: WSOB raw msg: {"arg":{"channel":"books5","instId":"ETH-USDT"},"data":[{"asks":[["2572.03","32.63169","0","13"],["2…
[2025-07-04 00:16:25] DEBUG: WSOB raw msg: {"arg":{"channel":"books5","instId":"ETH-USDT"},"data":[{"asks":[["2572.03","31.74569","0","12"],["2…
[2025-07-04 00:16:25] DEBUG: WSOB raw msg: {"arg":{"channel":"books5","instId":"ETH-USDT"},"data":[{"asks":[["2572.03","31.74569","0","12"],["2…
[2025-07-04 00:16:25] DEBUG: WSOB raw msg: {"arg":{"channel":"books5","instId":"ETH-USDT"},"data":[{"asks":[["2572.03","31.74569","0","12"],["2…
[2025-07-04 00:16:25] DEBUG: WSOB raw msg: {"arg":{"channel":"books5","instId":"ETH-USDT"},"data":[{"asks":[["2572.03","31.74569","0","12"],["2…
[2025-07-04 00:16:25] DEBUG: WSOB raw msg: {"arg":{"channel":"books5","instId":"ETH-USDT"},"data":[{"asks":[["2572.03","32.63169","0","13"],["2…
[2025-07-04 00:16:25] DEBUG: WSOB raw msg: {"arg":{"channel":"books5","instId":"ETH-USDT"},"data":[{"asks":[["2571.93","37.781009","0","16"],["…
[2025-07-04 00:16:26] DEBUG: WSOB raw msg: {"arg":{"channel":"books5","instId":"ETH-USDT"},"data":[{"asks":[["2571.81","23.807837","0","6"],["2…
[2025-07-04 00:16:26] DEBUG: WSOB raw msg: {"arg":{"channel":"books5","instId":"ETH-USDT"},"data":[{"asks":[["2571.81","16.953777","0","4"],["2…
[2025-07-04 00:16:26] DEBUG: WSOB raw msg: {"arg":{"channel":"books5","instId":"ETH-USDT"},"data":[{"asks":[["2571.81","18.504777","0","6"],["2…
[2025-07-04 00:16:26] DEBUG: WSOB raw msg: {"arg":{"channel":"books5","instId":"ETH-USDT"},"data":[{"asks":[["2571.81","18.504777","0","6"],["2…
[2025-07-04 00:16:26] DEBUG: WSOB raw msg: {"arg":{"channel":"books5","instId":"ETH-USDT"},"data":[{"asks":[["2571.81","14.409013","0","7"],["2…
[2025-07-04 00:16:26] DEBUG: WSOB raw msg: {"arg":{"channel":"books5","instId":"ETH-USDT"},"data":[{"asks":[["2571.81","17.50956","0","8"],["25…
[2025-07-04 00:16:26] DEBUG: WSOB raw msg: {"arg":{"channel":"books5","instId":"ETH-USDT"},"data":[{"asks":[["2571.81","17.17708","0","8"],["25…
[2025-07-04 00:16:27] DEBUG: WSOB raw msg: {"arg":{"channel":"books5","instId":"ETH-USDT"},"data":[{"asks":[["2571.81","18.161554","0","10"],["…
[2025-07-04 00:16:27] DEBUG: WSOB raw msg: {"arg":{"channel":"books5","instId":"ETH-USDT"},"data":[{"asks":[["2571.81","19.540307","0","12"],["…
[2025-07-04 00:16:27] DEBUG: WSOB raw msg: {"arg":{"channel":"books5","instId":"ETH-USDT"},"data":[{"asks":[["2571.81","19.433554","0","11"],["…
[2025-07-04 00:16:27] DEBUG: WSOB raw msg: {"arg":{"channel":"books5","instId":"ETH-USDT"},"data":[{"asks":[["2571.81","19.433554","0","11"],["…
[2025-07-04 00:16:27] DEBUG: WSOB raw msg: {"arg":{"channel":"books5","instId":"ETH-USDT"},"data":[{"asks":[["2571.78","29.556184","0","14"],["…
[2025-07-04 00:16:27] DEBUG: WSOB raw msg: {"arg":{"channel":"books5","instId":"ETH-USDT"},"data":[{"asks":[["2571.7","25.734179","0","15"],["2…
[2025-07-04 00:16:27] DEBUG: WSOB raw msg: {"arg":{"channel":"books5","instId":"ETH-USDT"},"data":[{"asks":[["2571.7","25.323377","0","14"],["2…
[2025-07-04 00:16:27] DEBUG: WSOB raw msg: {"arg":{"channel":"books5","instId":"ETH-USDT"},"data":[{"asks":[["2571.7","13.288187","0","7"],["25…
[2025-07-04 00:16:27] DEBUG: WSOB raw msg: {"arg":{"channel":"books5","instId":"ETH-USDT"},"data":[{"asks":[["2571.7","13.288187","0","7"],["25…
[2025-07-04 00:16:27] DEBUG: WSOB raw msg: {"arg":{"channel":"books5","instId":"ETH-USDT"},"data":[{"asks":[["2571.63","45.453983","0","17"],["…
[2025-07-04 00:16:27] DEBUG: WSOB raw msg: {"arg":{"channel":"books5","instId":"ETH-USDT"},"data":[{"asks":[["2571.63","24.610037","0","8"],["2…
[2025-07-04 00:16:27] DEBUG: WSOB raw msg: {"arg":{"channel":"books5","instId":"ETH-USDT"},"data":[{"asks":[["2571.63","27.205434","0","11"],["…
[2025-07-04 00:16:27] DEBUG: WSOB raw msg: {"arg":{"channel":"books5","instId":"ETH-USDT"},"data":[{"asks":[["2571.57","29.125047","0","14"],["…
[2025-07-04 00:16:27] DEBUG: WSOB raw msg: {"arg":{"channel":"books5","instId":"ETH-USDT"},"data":[{"asks":[["2571.5","1.1003","0","2"],["2571.…
[2025-07-04 00:16:27] DEBUG: WSOB raw msg: {"arg":{"channel":"books5","instId":"ETH-USDT"},"data":[{"asks":[["2571.43","17.052008","0","5"],["2…
[2025-07-04 00:16:28] DEBUG: WSOB raw msg: {"arg":{"channel":"books5","instId":"ETH-USDT"},"data":[{"asks":[["2571.43","17.052008","0","5"],["2…
[2025-07-04 00:16:28] DEBUG: WSOB raw msg: {"arg":{"channel":"books5","instId":"ETH-USDT"},"data":[{"asks":[["2571.43","17.330008","0","6"],["2…
[2025-07-04 00:16:28] DEBUG: WSOB raw msg: {"arg":{"channel":"books5","instId":"ETH-USDT"},"data":[{"asks":[["2571.43","15.490707","0","5"],["2…
[2025-07-04 00:16:28] DEBUG: WSOB raw msg: {"arg":{"channel":"books5","instId":"ETH-USDT"},"data":[{"asks":[["2571.43","17.040707","0","7"],["2…
[2025-07-04 00:16:28] DEBUG: WSOB raw msg: {"arg":{"channel":"books5","instId":"ETH-USDT"},"data":[{"asks":[["2571.43","12.350707","0","4"],["2…
[2025-07-04 00:16:28] DEBUG: WSOB raw msg: {"arg":{"channel":"books5","instId":"ETH-USDT"},"data":[{"asks":[["2571.43","12.350707","0","4"],["2…
[2025-07-04 00:16:28] DEBUG: WSOB raw msg: {"arg":{"channel":"books5","instId":"ETH-USDT"},"data":[{"asks":[["2571.43","12.350707","0","4"],["2…
[2025-07-04 00:16:28] DEBUG: WSOB raw msg: {"arg":{"channel":"books5","instId":"ETH-USDT"},"data":[{"asks":[["2571.43","12.350707","0","4"],["2…
[2025-07-04 00:16:28] DEBUG: WSOB raw msg: {"arg":{"channel":"books5","instId":"ETH-USDT"},"data":[{"asks":[["2571.43","1.474","0","1"],["2571.…
[2025-07-04 00:16:29] DEBUG: WSOB raw msg: {"arg":{"channel":"books5","instId":"ETH-USDT"},"data":[{"asks":[["2571.53","0.1","0","1"],["2571.56…
[2025-07-04 00:16:29] DEBUG: WSOB raw msg: {"arg":{"channel":"books5","instId":"ETH-USDT"},"data":[{"asks":[["2571.56","3.633435","0","3"],["25…
[2025-07-04 00:16:29] DEBUG: WSOB raw msg: {"arg":{"channel":"books5","instId":"ETH-USDT"},"data":[{"asks":[["2571.59","6.75262","0","4"],["257…
[2025-07-04 00:16:29] DEBUG: WSOB raw msg: {"arg":{"channel":"books5","instId":"ETH-USDT"},"data":[{"asks":[["2571.59","9.623852","0","5"],["25…
[2025-07-04 00:16:29] DEBUG: WSOB raw msg: {"arg":{"channel":"books5","instId":"ETH-USDT"},"data":[{"asks":[["2571.59","9.623852","0","5"],["25…
[2025-07-04 00:16:30] DEBUG: WSOB raw msg: {"arg":{"channel":"books5","instId":"ETH-USDT"},"data":[{"asks":[["2571.59","9.345737","0","4"],["25…
[2025-07-04 00:16:30] DEBUG: WSOB raw msg: {"arg":{"channel":"books5","instId":"ETH-USDT"},"data":[{"asks":[["2571.6","0.1","0","1"],["2571.66"…
[2025-07-04 00:16:30] DEBUG: WSOB raw msg: {"arg":{"channel":"books5","instId":"ETH-USDT"},"data":[{"asks":[["2571.78","13.163232","0","4"],["2…
[2025-07-04 00:16:30] DEBUG: WSOB raw msg: {"arg":{"channel":"books5","instId":"ETH-USDT"},"data":[{"asks":[["2571.78","13.441232","0","5"],["2…
[2025-07-04 00:16:30] DEBUG: WSOB raw msg: {"arg":{"channel":"books5","instId":"ETH-USDT"},"data":[{"asks":[["2571.78","13.163232","0","4"],["2…
[2025-07-04 00:16:30] DEBUG: WSOB raw msg: {"arg":{"channel":"books5","instId":"ETH-USDT"},"data":[{"asks":[["2571.82","5.2","0","1"],["2571.88…
[2025-07-04 00:16:30] DEBUG: WSOB raw msg: {"arg":{"channel":"books5","instId":"ETH-USDT"},"data":[{"asks":[["2571.82","5.2","0","1"],["2571.88…
[2025-07-04 00:16:30] DEBUG: WSOB raw msg: {"arg":{"channel":"books5","instId":"ETH-USDT"},"data":[{"asks":[["2571.82","5.2","0","1"],["2571.94…
[2025-07-04 00:16:30] DEBUG: WSOB raw msg: {"arg":{"channel":"books5","instId":"ETH-USDT"},"data":[{"asks":[["2572","1.1901","0","2"],["2572.01…
[2025-07-04 00:16:31] DEBUG: WSOB raw msg: {"arg":{"channel":"books5","instId":"ETH-USDT"},"data":[{"asks":[["2572","2.6641","0","3"],["2572.02…
[2025-07-04 00:16:31] DEBUG: WSOB raw msg: {"arg":{"channel":"books5","instId":"ETH-USDT"},"data":[{"asks":[["2572","9.933146","0","5"],["2572.…
[2025-07-04 00:16:31] DEBUG: WSOB raw msg: {"arg":{"channel":"books5","instId":"ETH-USDT"},"data":[{"asks":[["2572","13.623146","0","6"],["2572…
[2025-07-04 00:16:31] DEBUG: WSOB raw msg: {"arg":{"channel":"books5","instId":"ETH-USDT"},"data":[{"asks":[["2572","9.933046","0","4"],["2572.…
[2025-07-04 00:16:31] DEBUG: WSOB raw msg: {"arg":{"channel":"books5","instId":"ETH-USDT"},"data":[{"asks":[["2572","3.150814","0","1"],["2572.…
[2025-07-04 00:16:31] DEBUG: WSOB raw msg: {"arg":{"channel":"books5","instId":"ETH-USDT"},"data":[{"asks":[["2572.02","0.09069","0","1"],["257…
[2025-07-04 00:16:31] DEBUG: WSOB raw msg: {"arg":{"channel":"books5","instId":"ETH-USDT"},"data":[{"asks":[["2572.02","0.09069","0","1"],["257…
[2025-07-04 00:16:31] DEBUG: WSOB raw msg: {"arg":{"channel":"books5","instId":"ETH-USDT"},"data":[{"asks":[["2572.02","9.563922","0","4"],["25…
[2025-07-04 00:16:31] DEBUG: WSOB raw msg: {"arg":{"channel":"books5","instId":"ETH-USDT"},"data":[{"asks":[["2572.02","11.113922","0","6"],["2…
[2025-07-04 00:16:31] DEBUG: WSOB raw msg: {"arg":{"channel":"books5","instId":"ETH-USDT"},"data":[{"asks":[["2572.02","8.08878","0","3"],["257…
[2025-07-04 00:16:31] DEBUG: WSOB raw msg: {"arg":{"channel":"books5","instId":"ETH-USDT"},"data":[{"asks":[["2572.02","4.40978","0","2"],["257…
[2025-07-04 00:16:32] DEBUG: WSOB raw msg: {"arg":{"channel":"books5","instId":"ETH-USDT"},"data":[{"asks":[["2572.02","0.089548","0","1"],["25…
[2025-07-04 00:16:32] DEBUG: WSOB raw msg: {"arg":{"channel":"books5","instId":"ETH-USDT"},"data":[{"asks":[["2572.02","0.089548","0","1"],["25…
[2025-07-04 00:16:32] DEBUG: WSOB raw msg: {"arg":{"channel":"books5","instId":"ETH-USDT"},"data":[{"asks":[["2572.02","3.768548","0","2"],["25…
[2025-07-04 00:16:32] DEBUG: WSOB raw msg: {"arg":{"channel":"books5","instId":"ETH-USDT"},"data":[{"asks":[["2572.02","0.089548","0","1"],["25…
[2025-07-04 00:16:32] DEBUG: WSOB raw msg: {"arg":{"channel":"books5","instId":"ETH-USDT"},"data":[{"asks":[["2572.02","10.01978","0","6"],["25…
[2025-07-04 00:16:33] DEBUG: WSOB raw msg: {"arg":{"channel":"books5","instId":"ETH-USDT"},"data":[{"asks":[["2572.02","8.26678","0","4"],["257…
[2025-07-04 00:16:33] DEBUG: WSOB raw msg: {"arg":{"channel":"books5","instId":"ETH-USDT"},"data":[{"asks":[["2572.02","8.26678","0","4"],["257…
[2025-07-04 00:16:33] DEBUG: WSOB raw msg: {"arg":{"channel":"books5","instId":"ETH-USDT"},"data":[{"asks":[["2572.02","3.31578","0","2"],["257…
[2025-07-04 00:16:33] DEBUG: WSOB raw msg: {"arg":{"channel":"books5","instId":"ETH-USDT"},"data":[{"asks":[["2572.02","0.089548","0","1"],["25…
[2025-07-04 00:16:33] DEBUG: WSOB raw msg: {"arg":{"channel":"books5","instId":"ETH-USDT"},"data":[{"asks":[["2572.19","7.569046","0","3"],["25…
[2025-07-04 00:16:34] DEBUG: WSOB raw msg: {"arg":{"channel":"books5","instId":"ETH-USDT"},"data":[{"asks":[["2572.49","0.09069","0","1"],["257…
[2025-07-04 00:16:34] DEBUG: WSOB raw msg: {"arg":{"channel":"books5","instId":"ETH-USDT"},"data":[{"asks":[["2572.9","11.370342","0","6"],["25…
[2025-07-04 00:16:34] DEBUG: WSOB raw msg: {"arg":{"channel":"books5","instId":"ETH-USDT"},"data":[{"asks":[["2572.9","14.870342","0","7"],["25…
[2025-07-04 00:16:34] DEBUG: WSOB raw msg: {"arg":{"channel":"books5","instId":"ETH-USDT"},"data":[{"asks":[["2572.9","10.098342","0","5"],["25…
[2025-07-04 00:16:34] DEBUG: WSOB raw msg: {"arg":{"channel":"books5","instId":"ETH-USDT"},"data":[{"asks":[["2573.23","1.789139","0","2"],["25…
[2025-07-04 00:16:34] DEBUG: WSOB raw msg: {"arg":{"channel":"books5","instId":"ETH-USDT"},"data":[{"asks":[["2573.23","0.315139","0","1"],["25…
[2025-07-04 00:16:34] DEBUG: WSOB raw msg: {"arg":{"channel":"books5","instId":"ETH-USDT"},"data":[{"asks":[["2573.43","0.09069","0","1"],["257…
[2025-07-04 00:16:34] DEBUG: WSOB raw msg: {"arg":{"channel":"books5","instId":"ETH-USDT"},"data":[{"asks":[["2573.61","2.781432","0","2"],["25…
[2025-07-04 00:16:34] DEBUG: WSOB raw msg: {"arg":{"channel":"books5","instId":"ETH-USDT"},"data":[{"asks":[["2573.61","2.662005","0","1"],["25…
[2025-07-04 00:16:34] DEBUG: WSOB raw msg: {"arg":{"channel":"books5","instId":"ETH-USDT"},"data":[{"asks":[["2573.61","2.662005","0","1"],["25…
[2025-07-04 00:16:34] DEBUG: WSOB raw msg: {"arg":{"channel":"books5","instId":"ETH-USDT"},"data":[{"asks":[["2573.84","0.230579","0","2"],["25…
[2025-07-04 00:16:34] DEBUG: WSOB raw msg: {"arg":{"channel":"books5","instId":"ETH-USDT"},"data":[{"asks":[["2573.84","0.230579","0","2"],["25…
[2025-07-04 00:16:34] DEBUG: WSOB raw msg: {"arg":{"channel":"books5","instId":"ETH-USDT"},"data":[{"asks":[["2573.84","5.192579","0","4"],["25…
[2025-07-04 00:16:35] DEBUG: WSOB raw msg: {"arg":{"channel":"books5","instId":"ETH-USDT"},"data":[{"asks":[["2573.84","12.546816","0","7"],["2…
[2025-07-04 00:16:35] DEBUG: WSOB raw msg: {"arg":{"channel":"books5","instId":"ETH-USDT"},"data":[{"asks":[["2573.84","15.836628","0","8"],["2…
[2025-07-04 00:16:35] DEBUG: WSOB raw msg: {"arg":{"channel":"books5","instId":"ETH-USDT"},"data":[{"asks":[["2573.84","11.064628","0","6"],["2…
[2025-07-04 00:16:35] DEBUG: WSOB raw msg: {"arg":{"channel":"books5","instId":"ETH-USDT"},"data":[{"asks":[["2573.84","0.299391","0","3"],["25…
[2025-07-04 00:16:35] DEBUG: WSOB raw msg: {"arg":{"channel":"books5","instId":"ETH-USDT"},"data":[{"asks":[["2573.84","1.544577","0","3"],["25…
[2025-07-04 00:16:35] DEBUG: WSOB raw msg: {"arg":{"channel":"books5","instId":"ETH-USDT"},"data":[{"asks":[["2573.84","9.832628","0","7"],["25…
[2025-07-04 00:16:35] DEBUG: WSOB raw msg: {"arg":{"channel":"books5","instId":"ETH-USDT"},"data":[{"asks":[["2573.84","8.560628","0","6"],["25…
[2025-07-04 00:16:35] DEBUG: WSOB raw msg: {"arg":{"channel":"books5","instId":"ETH-USDT"},"data":[{"asks":[["2573.84","1.484391","0","3"],["25…
[2025-07-04 00:16:35] DEBUG: WSOB raw msg: {"arg":{"channel":"books5","instId":"ETH-USDT"},"data":[{"asks":[["2573.84","4.341205","0","5"],["25…
[2025-07-04 00:16:36] DEBUG: WSOB raw msg: {"arg":{"channel":"books5","instId":"ETH-USDT"},"data":[{"asks":[["2573.84","13.031442","0","8"],["2…
[2025-07-04 00:16:36] DEBUG: WSOB raw msg: {"arg":{"channel":"books5","instId":"ETH-USDT"},"data":[{"asks":[["2573.84","12.752442","0","7"],["2…
[2025-07-04 00:16:36] DEBUG: WSOB raw msg: {"arg":{"channel":"books5","instId":"ETH-USDT"},"data":[{"asks":[["2573.84","8.43221","0","6"],["257…
[2025-07-04 00:16:36] DEBUG: WSOB raw msg: {"arg":{"channel":"books5","instId":"ETH-USDT"},"data":[{"asks":[["2573.84","3.069205","0","4"],["25…
[2025-07-04 00:16:36] DEBUG: WSOB raw msg: {"arg":{"channel":"books5","instId":"ETH-USDT"},"data":[{"asks":[["2573.84","3.069205","0","4"],["25…
[2025-07-04 00:16:36] DEBUG: WSOB raw msg: {"arg":{"channel":"books5","instId":"ETH-USDT"},"data":[{"asks":[["2573.84","7.389437","0","5"],["25…
[2025-07-04 00:16:36] DEBUG: WSOB raw msg: {"arg":{"channel":"books5","instId":"ETH-USDT"},"data":[{"asks":[["2573.84","3.069205","0","4"],["25…
[2025-07-04 00:16:36] DEBUG: WSOB raw msg: {"arg":{"channel":"books5","instId":"ETH-USDT"},"data":[{"asks":[["2573.84","2.816577","0","4"],["25…
[2025-07-04 00:16:36] DEBUG: WSOB raw msg: {"arg":{"channel":"books5","instId":"ETH-USDT"},"data":[{"asks":[["2573.84","2.427391","0","4"],["25…
[2025-07-04 00:16:37] DEBUG: WSOB raw msg: {"arg":{"channel":"books5","instId":"ETH-USDT"},"data":[{"asks":[["2573.84","10.137437","0","7"],["2…
[2025-07-04 00:16:37] DEBUG: WSOB raw msg: {"arg":{"channel":"books5","instId":"ETH-USDT"},"data":[{"asks":[["2573.84","10.137437","0","7"],["2…
[2025-07-04 00:16:37] DEBUG: WSOB raw msg: {"arg":{"channel":"books5","instId":"ETH-USDT"},"data":[{"asks":[["2573.84","18.492437","0","11"],["…
[2025-07-04 00:16:38] DEBUG: WSOB raw msg: {"arg":{"channel":"books5","instId":"ETH-USDT"},"data":[{"asks":[["2573.69","31.239262","0","12"],["…
[2025-07-04 00:16:38] DEBUG: WSOB raw msg: {"arg":{"channel":"books5","instId":"ETH-USDT"},"data":[{"asks":[["2573.43","28.908655","0","10"],["…
[2025-07-04 00:16:38] DEBUG: WSOB raw msg: {"arg":{"channel":"books5","instId":"ETH-USDT"},"data":[{"asks":[["2573.44","8.509114","0","4"],["25…
[2025-07-04 00:16:38] DEBUG: WSOB raw msg: {"arg":{"channel":"books5","instId":"ETH-USDT"},"data":[{"asks":[["2573.44","8.509114","0","4"],["25…
[2025-07-04 00:16:38] DEBUG: WSOB raw msg: {"arg":{"channel":"books5","instId":"ETH-USDT"},"data":[{"asks":[["2573.44","5.06554","0","3"],["257…
[2025-07-04 00:16:38] DEBUG: WSOB raw msg: {"arg":{"channel":"books5","instId":"ETH-USDT"},"data":[{"asks":[["2573.44","2.983814","0","1"],["25…
[2025-07-04 00:16:39] DEBUG: WSOB raw msg: {"arg":{"channel":"books5","instId":"ETH-USDT"},"data":[{"asks":[["2573.56","0.08","0","1"],["2573.5…
[2025-07-04 00:16:39] DEBUG: WSOB raw msg: {"arg":{"channel":"books5","instId":"ETH-USDT"},"data":[{"asks":[["2573.56","0.08","0","1"],["2573.7…
[2025-07-04 00:16:39] DEBUG: WSOB raw msg: {"arg":{"channel":"books5","instId":"ETH-USDT"},"data":[{"asks":[["2573.56","0.08","0","1"],["2573.7…
[2025-07-04 00:16:39] DEBUG: WSOB raw msg: {"arg":{"channel":"books5","instId":"ETH-USDT"},"data":[{"asks":[["2573.56","0.08","0","1"],["2573.7…
[2025-07-04 00:16:39] DEBUG: WSOB raw msg: {"arg":{"channel":"books5","instId":"ETH-USDT"},"data":[{"asks":[["2573.56","0.08","0","1"],["2573.7…
[2025-07-04 00:16:39] DEBUG: WSOB raw msg: {"arg":{"channel":"books5","instId":"ETH-USDT"},"data":[{"asks":[["2573.74","0.0038","0","1"],["2573…
[2025-07-04 00:16:39] DEBUG: WSOB raw msg: {"arg":{"channel":"books5","instId":"ETH-USDT"},"data":[{"asks":[["2573.9","4.401499","0","2"],["257…
[2025-07-04 00:16:39] DEBUG: WSOB raw msg: {"arg":{"channel":"books5","instId":"ETH-USDT"},"data":[{"asks":[["2573.9","3.017081","0","2"],["257…
[2025-07-04 00:16:39] DEBUG: WSOB raw msg: {"arg":{"channel":"books5","instId":"ETH-USDT"},"data":[{"asks":[["2573.9","0.081267","0","1"],["257…
[2025-07-04 00:16:39] DEBUG: WSOB raw msg: {"arg":{"channel":"books5","instId":"ETH-USDT"},"data":[{"asks":[["2573.9","0.081267","0","1"],["257…
[2025-07-04 00:16:39] DEBUG: WSOB raw msg: {"arg":{"channel":"books5","instId":"ETH-USDT"},"data":[{"asks":[["2573.9","0.081267","0","1"],["257…
[2025-07-04 00:16:39] DEBUG: WSOB raw msg: {"arg":{"channel":"books5","instId":"ETH-USDT"},"data":[{"asks":[["2574.08","4.40735","0","3"],["257…
[2025-07-04 00:16:39] DEBUG: WSOB raw msg: {"arg":{"channel":"books5","instId":"ETH-USDT"},"data":[{"asks":[["2574.08","0.101118","0","2"],["25…
[2025-07-04 00:16:40] DEBUG: WSOB raw msg: {"arg":{"channel":"books5","instId":"ETH-USDT"},"data":[{"asks":[["2574.28","1.623442","0","2"],["25…
[2025-07-04 00:16:40] DEBUG: WSOB raw msg: {"arg":{"channel":"books5","instId":"ETH-USDT"},"data":[{"asks":[["2574.37","0.09069","0","1"],["257…
[2025-07-04 00:16:40] DEBUG: WSOB raw msg: {"arg":{"channel":"books5","instId":"ETH-USDT"},"data":[{"asks":[["2574.37","0.09069","0","1"],["257…
[2025-07-04 00:16:40] DEBUG: WSOB raw msg: {"arg":{"channel":"books5","instId":"ETH-USDT"},"data":[{"asks":[["2574.37","0.09069","0","1"],["257…
[2025-07-04 00:16:40] DEBUG: WSOB raw msg: {"arg":{"channel":"books5","instId":"ETH-USDT"},"data":[{"asks":[["2574.37","0.09069","0","1"],["257…
[2025-07-04 00:16:40] DEBUG: WSOB raw msg: {"arg":{"channel":"books5","instId":"ETH-USDT"},"data":[{"asks":[["2574.37","5.874946","0","3"],["25…
[2025-07-04 00:16:40] DEBUG: WSOB raw msg: {"arg":{"channel":"books5","instId":"ETH-USDT"},"data":[{"asks":[["2574.37","2.977504","0","2"],["25…
[2025-07-04 00:16:40] DEBUG: WSOB raw msg: {"arg":{"channel":"books5","instId":"ETH-USDT"},"data":[{"asks":[["2574.37","0.09069","0","1"],["257…
[2025-07-04 00:16:40] DEBUG: WSOB raw msg: {"arg":{"channel":"books5","instId":"ETH-USDT"},"data":[{"asks":[["2574.37","0.09069","0","1"],["257…
[2025-07-04 00:16:40] DEBUG: WSOB raw msg: {"arg":{"channel":"books5","instId":"ETH-USDT"},"data":[{"asks":[["2574.37","0.09069","0","1"],["257…
[2025-07-04 00:16:40] DEBUG: WSOB raw msg: {"arg":{"channel":"books5","instId":"ETH-USDT"},"data":[{"asks":[["2574.37","0.09069","0","1"],["257…
[2025-07-04 00:16:40] DEBUG: WSOB raw msg: {"arg":{"channel":"books5","instId":"ETH-USDT"},"data":[{"asks":[["2574.37","2.83669","0","3"],["257…
[2025-07-04 00:16:40] DEBUG: WSOB raw msg: {"arg":{"channel":"books5","instId":"ETH-USDT"},"data":[{"asks":[["2574.37","12.861137","0","7"],["2…
[2025-07-04 00:16:41] DEBUG: WSOB raw msg: {"arg":{"channel":"books5","instId":"ETH-USDT"},"data":[{"asks":[["2574.21","10.389253","0","11"],["…
[2025-07-04 00:16:41] DEBUG: WSOB raw msg: {"arg":{"channel":"books5","instId":"ETH-USDT"},"data":[{"asks":[["2574.01","21.500273","0","8"],["2…
[2025-07-04 00:16:41] DEBUG: WSOB raw msg: {"arg":{"channel":"books5","instId":"ETH-USDT"},"data":[{"asks":[["2574.19","1.502814","0","3"],["25…
[2025-07-04 00:16:41] DEBUG: WSOB raw msg: {"arg":{"channel":"books5","instId":"ETH-USDT"},"data":[{"asks":[["2574.19","8.60407","0","5"],["257…
[2025-07-04 00:16:41] DEBUG: WSOB raw msg: {"arg":{"channel":"books5","instId":"ETH-USDT"},"data":[{"asks":[["2574.19","13.56607","0","7"],["25…
[2025-07-04 00:16:41] DEBUG: WSOB raw msg: {"arg":{"channel":"books5","instId":"ETH-USDT"},"data":[{"asks":[["2574.19","12.29407","0","6"],["25…
[2025-07-04 00:16:41] DEBUG: WSOB raw msg: {"arg":{"channel":"books5","instId":"ETH-USDT"},"data":[{"asks":[["2574.19","8.60407","0","5"],["257…
[2025-07-04 00:16:41] DEBUG: WSOB raw msg: {"arg":{"channel":"books5","instId":"ETH-USDT"},"data":[{"asks":[["2574.19","12.29407","0","6"],["25…
[2025-07-04 00:16:41] DEBUG: WSOB raw msg: {"arg":{"channel":"books5","instId":"ETH-USDT"},"data":[{"asks":[["2574.19","13.56607","0","7"],["25…
[2025-07-04 00:16:42] DEBUG: WSOB raw msg: {"arg":{"channel":"books5","instId":"ETH-USDT"},"data":[{"asks":[["2574.19","19.60984","0","10"],["2…
[2025-07-04 00:16:42] DEBUG: WSOB raw msg: {"arg":{"channel":"books5","instId":"ETH-USDT"},"data":[{"asks":[["2574.11","15.586253","0","9"],["2…
[2025-07-04 00:16:42] DEBUG: WSOB raw msg: {"arg":{"channel":"books5","instId":"ETH-USDT"},"data":[{"asks":[["2574.11","3.850614","0","2"],["25…
[2025-07-04 00:16:42] DEBUG: WSOB raw msg: {"arg":{"channel":"books5","instId":"ETH-USDT"},"data":[{"asks":[["2574.37","15.107156","0","12"],["…
[2025-07-04 00:16:42] DEBUG: WSOB raw msg: {"arg":{"channel":"books5","instId":"ETH-USDT"},"data":[{"asks":[["2574.37","7.638156","0","9"],["25…
[2025-07-04 00:16:42] DEBUG: WSOB raw msg: {"arg":{"channel":"books5","instId":"ETH-USDT"},"data":[{"asks":[["2574.37","8.115161","0","9"],["25…
[2025-07-04 00:16:42] DEBUG: WSOB raw msg: {"arg":{"channel":"books5","instId":"ETH-USDT"},"data":[{"asks":[["2574.37","16.856161","0","13"],["…
[2025-07-04 00:16:42] DEBUG: WSOB raw msg: {"arg":{"channel":"books5","instId":"ETH-USDT"},"data":[{"asks":[["2574.37","16.856161","0","13"],["…
[2025-07-04 00:16:42] DEBUG: WSOB raw msg: {"arg":{"channel":"books5","instId":"ETH-USDT"},"data":[{"asks":[["2574.37","16.856161","0","13"],["…
[2025-07-04 00:16:43] DEBUG: WSOB raw msg: {"arg":{"channel":"books5","instId":"ETH-USDT"},"data":[{"asks":[["2574.01","22.039116","0","6"],["2…
[2025-07-04 00:16:43] DEBUG: WSOB raw msg: {"arg":{"channel":"books5","instId":"ETH-USDT"},"data":[{"asks":[["2574.01","18.539116","0","5"],["2…
[2025-07-04 00:16:43] DEBUG: WSOB raw msg: {"arg":{"channel":"books5","instId":"ETH-USDT"},"data":[{"asks":[["2574.01","18.539116","0","5"],["2…
[2025-07-04 00:16:43] DEBUG: WSOB raw msg: {"arg":{"channel":"books5","instId":"ETH-USDT"},"data":[{"asks":[["2574.01","21.34107","0","5"],["25…
[2025-07-04 00:16:43] DEBUG: WSOB raw msg: {"arg":{"channel":"books5","instId":"ETH-USDT"},"data":[{"asks":[["2574.01","14.77701","0","4"],["25…
[2025-07-04 00:16:43] DEBUG: WSOB raw msg: {"arg":{"channel":"books5","instId":"ETH-USDT"},"data":[{"asks":[["2574.01","14.96801","0","5"],["25…
[2025-07-04 00:16:43] DEBUG: WSOB raw msg: {"arg":{"channel":"books5","instId":"ETH-USDT"},"data":[{"asks":[["2574.01","18.55601","0","6"],["25…
[2025-07-04 00:16:43] DEBUG: WSOB raw msg: {"arg":{"channel":"books5","instId":"ETH-USDT"},"data":[{"asks":[["2574.01","18.55601","0","6"],["25…
[2025-07-04 00:16:43] DEBUG: WSOB raw msg: {"arg":{"channel":"books5","instId":"ETH-USDT"},"data":[{"asks":[["2574.01","19.44201","0","7"],["25…
[2025-07-04 00:16:44] DEBUG: WSOB raw msg: {"arg":{"channel":"books5","instId":"ETH-USDT"},"data":[{"asks":[["2574.01","11.08701","0","3"],["25…
[2025-07-04 00:16:44] DEBUG: WSOB raw msg: {"arg":{"channel":"books5","instId":"ETH-USDT"},"data":[{"asks":[["2574.01","11.08701","0","3"],["25…
[2025-07-04 00:16:44] DEBUG: WSOB raw msg: {"arg":{"channel":"books5","instId":"ETH-USDT"},"data":[{"asks":[["2574.01","11.08701","0","3"],["25…
[2025-07-04 00:16:44] DEBUG: WSOB raw msg: {"arg":{"channel":"books5","instId":"ETH-USDT"},"data":[{"asks":[["2574.01","0.1","0","1"],["2574.1"…
[2025-07-04 00:16:44] DEBUG: WSOB raw msg: {"arg":{"channel":"books5","instId":"ETH-USDT"},"data":[{"asks":[["2574.2","4.109814","0","2"],["257…
[2025-07-04 00:16:44] DEBUG: WSOB raw msg: {"arg":{"channel":"books5","instId":"ETH-USDT"},"data":[{"asks":[["2574.2","11.299814","0","4"],["25…
[2025-07-04 00:16:44] DEBUG: WSOB raw msg: {"arg":{"channel":"books5","instId":"ETH-USDT"},"data":[{"asks":[["2574.2","11.299814","0","4"],["25…
[2025-07-04 00:16:44] DEBUG: WSOB raw msg: {"arg":{"channel":"books5","instId":"ETH-USDT"},"data":[{"asks":[["2574.2","11.578814","0","5"],["25…
[2025-07-04 00:16:44] DEBUG: WSOB raw msg: {"arg":{"channel":"books5","instId":"ETH-USDT"},"data":[{"asks":[["2574.2","11.578814","0","5"],["25…
[2025-07-04 00:16:45] DEBUG: WSOB raw msg: {"arg":{"channel":"books5","instId":"ETH-USDT"},"data":[{"asks":[["2574.2","12.850814","0","6"],["25…
[2025-07-04 00:16:45] DEBUG: WSOB raw msg: {"arg":{"channel":"books5","instId":"ETH-USDT"},"data":[{"asks":[["2574.2","12.850814","0","6"],["25…
[2025-07-04 00:16:45] DEBUG: WSOB raw msg: {"arg":{"channel":"books5","instId":"ETH-USDT"},"data":[{"asks":[["2574.2","7.609814","0","3"],["257…
[2025-07-04 00:16:45] DEBUG: WSOB raw msg: {"arg":{"channel":"books5","instId":"ETH-USDT"},"data":[{"asks":[["2574.2","4.109814","0","2"],["257…
[2025-07-04 00:16:45] DEBUG: start_fetch clicked
[2025-07-04 00:16:45] DEBUG: Loading cache cache\ETH-USDT_1m.parquet
[2025-07-04 00:16:45] DEBUG: Cache newest=1751558580000
[2025-07-04 00:16:45] DEBUG: WSOB raw msg: {"arg":{"channel":"books5","instId":"ETH-USDT"},"data":[{"asks":[["2574.2","5.381814","0","3"],["257…
[2025-07-04 00:16:45] DEBUG: WSOB raw msg: {"arg":{"channel":"books5","instId":"ETH-USDT"},"data":[{"asks":[["2574.2","12.483256","0","5"],["25…
[2025-07-04 00:16:45] DEBUG: WSOB raw msg: {"arg":{"channel":"books5","instId":"ETH-USDT"},"data":[{"asks":[["2574.2","12.762256","0","6"],["25…
[2025-07-04 00:16:45] DEBUG: WSOB raw msg: {"arg":{"channel":"books5","instId":"ETH-USDT"},"data":[{"asks":[["2574.2","16.262256","0","7"],["25…
[2025-07-04 00:16:45] DEBUG: WSOB raw msg: {"arg":{"channel":"books5","instId":"ETH-USDT"},"data":[{"asks":[["2574.15","0.9979","0","2"],["2574…
[2025-07-04 00:16:45] DEBUG: WSOB raw msg: {"arg":{"channel":"books5","instId":"ETH-USDT"},"data":[{"asks":[["2574.06","32.735904","0","11"],["…
[2025-07-04 00:16:45] DEBUG: WSOB raw msg: {"arg":{"channel":"books5","instId":"ETH-USDT"},"data":[{"asks":[["2574.06","32.735904","0","11"],["…
[2025-07-04 00:16:45] DEBUG: WSOB raw msg: {"arg":{"channel":"books5","instId":"ETH-USDT"},"data":[{"asks":[["2574.01","24.772167","0","13"],["…
[2025-07-04 00:16:45] DEBUG: WSOB raw msg: {"arg":{"channel":"books5","instId":"ETH-USDT"},"data":[{"asks":[["2574.01","11.111161","0","6"],["2…
[2025-07-04 00:16:46] DEBUG: WSOB raw msg: {"arg":{"channel":"books5","instId":"ETH-USDT"},"data":[{"asks":[["2574.01","2.911442","0","1"],["25…
[2025-07-04 00:16:46] DEBUG: WSOB raw msg: {"arg":{"channel":"books5","instId":"ETH-USDT"},"data":[{"asks":[["2574.1","5.286005","0","2"],["257…
[2025-07-04 00:16:46] DEBUG: WSOB raw msg: {"arg":{"channel":"books5","instId":"ETH-USDT"},"data":[{"asks":[["2574.1","5.286005","0","2"],["257…
[2025-07-04 00:16:46] DEBUG: WSOB raw msg: {"arg":{"channel":"books5","instId":"ETH-USDT"},"data":[{"asks":[["2574.1","19.209261","0","7"],["25…
[2025-07-04 00:16:47] DEBUG: WSOB raw msg: {"arg":{"channel":"books5","instId":"ETH-USDT"},"data":[{"asks":[["2574.1","20.481261","0","8"],["25…
[2025-07-04 00:16:47] DEBUG: WSOB raw msg: {"arg":{"channel":"books5","instId":"ETH-USDT"},"data":[{"asks":[["2574.1","20.481261","0","8"],["25…
[2025-07-04 00:16:47] DEBUG: WSOB raw msg: {"arg":{"channel":"books5","instId":"ETH-USDT"},"data":[{"asks":[["2574.21","14.184261","0","6"],["2…
[2025-07-04 00:16:47] DEBUG: WSOB raw msg: {"arg":{"channel":"books5","instId":"ETH-USDT"},"data":[{"asks":[["2574.21","7.349256","0","3"],["25…
[2025-07-04 00:16:47] DEBUG: WSOB raw msg: {"arg":{"channel":"books5","instId":"ETH-USDT"},"data":[{"asks":[["2574.21","7.249256","0","2"],["25…
[2025-07-04 00:16:47] DEBUG: WSOB raw msg: {"arg":{"channel":"books5","instId":"ETH-USDT"},"data":[{"asks":[["2574.21","10.749256","0","3"],["2…
[2025-07-04 00:16:47] DEBUG: WSOB raw msg: {"arg":{"channel":"books5","instId":"ETH-USDT"},"data":[{"asks":[["2574.21","13.172261","0","6"],["2…
[2025-07-04 00:16:47] DEBUG: WSOB raw msg: {"arg":{"channel":"books5","instId":"ETH-USDT"},"data":[{"asks":[["2574.21","11.709261","0","4"],["2…
[2025-07-04 00:16:47] DEBUG: WSOB raw msg: {"arg":{"channel":"books5","instId":"ETH-USDT"},"data":[{"asks":[["2574.21","9.481261","0","4"],["25…
[2025-07-04 00:16:48] DEBUG: WSOB raw msg: {"arg":{"channel":"books5","instId":"ETH-USDT"},"data":[{"asks":[["2574.21","8.206932","0","3"],["25…
[2025-07-04 00:16:48] DEBUG: WSOB raw msg: {"arg":{"channel":"books5","instId":"ETH-USDT"},"data":[{"asks":[["2574.21","8.187509","0","3"],["25…
[2025-07-04 00:16:48] DEBUG: WSOB raw msg: {"arg":{"channel":"books5","instId":"ETH-USDT"},"data":[{"asks":[["2574.21","8.187509","0","3"],["25…
[2025-07-04 00:16:48] DEBUG: WSOB raw msg: {"arg":{"channel":"books5","instId":"ETH-USDT"},"data":[{"asks":[["2574.21","13.149509","0","5"],["2…
[2025-07-04 00:16:48] DEBUG: WSOB raw msg: {"arg":{"channel":"books5","instId":"ETH-USDT"},"data":[{"asks":[["2574.21","17.214509","0","8"],["2…
[2025-07-04 00:16:48] DEBUG: WSOB raw msg: {"arg":{"channel":"books5","instId":"ETH-USDT"},"data":[{"asks":[["2574.11","32.126481","0","12"],["…
[2025-07-04 00:16:49] DEBUG: WSOB raw msg: {"arg":{"channel":"books5","instId":"ETH-USDT"},"data":[{"asks":[["2574.11","32.126481","0","12"],["…
[2025-07-04 00:16:49] DEBUG: WSOB raw msg: {"arg":{"channel":"books5","instId":"ETH-USDT"},"data":[{"asks":[["2574.11","30.575481","0","10"],["…
[2025-07-04 00:16:49] DEBUG: WSOB raw msg: {"arg":{"channel":"books5","instId":"ETH-USDT"},"data":[{"asks":[["2574.11","30.575481","0","10"],["…
[2025-07-04 00:16:49] DEBUG: WSOB raw msg: {"arg":{"channel":"books5","instId":"ETH-USDT"},"data":[{"asks":[["2574.11","27.154959","0","9"],["2…
[2025-07-04 00:16:49] DEBUG: WSOB raw msg: {"arg":{"channel":"books5","instId":"ETH-USDT"},"data":[{"asks":[["2574.11","27.345959","0","10"],["…
[2025-07-04 00:16:49] DEBUG: WSOB raw msg: {"arg":{"channel":"books5","instId":"ETH-USDT"},"data":[{"asks":[["2574.11","31.407192","0","13"],["…
[2025-07-04 00:16:49] DEBUG: WSOB raw msg: {"arg":{"channel":"books5","instId":"ETH-USDT"},"data":[{"asks":[["2574.11","31.407192","0","13"],["…
[2025-07-04 00:16:50] DEBUG: WSOB raw msg: {"arg":{"channel":"books5","instId":"ETH-USDT"},"data":[{"asks":[["2574.11","28.578682","0","11"],["…
[2025-07-04 00:16:50] DEBUG: WSOB raw msg: {"arg":{"channel":"books5","instId":"ETH-USDT"},"data":[{"asks":[["2574.11","28.578682","0","11"],["…
[2025-07-04 00:22:53] DEBUG: Set ALL_PROXY=http://127.0.0.1:7890
[2025-07-04 00:22:53] DEBUG: WSLive connecting for 1m …
[2025-07-04 00:22:53] DEBUG: WSLive connecting for 1s …
[2025-07-04 00:22:55] DEBUG: WSLive subscribed candle1m
[2025-07-04 00:22:55] DEBUG: WSLive subscribed candle1s
[2025-07-04 00:23:02] DEBUG: start_fetch clicked
[2025-07-04 00:23:02] DEBUG: Loading cache cache\ETH-USDT_1m.parquet
[2025-07-04 00:23:02] DEBUG: Cache newest=1751558580000
[2025-07-04 00:23:06] DEBUG: start_fetch clicked
[2025-07-04 00:23:06] DEBUG: Loading cache cache\ETH-USDT_1m.parquet
[2025-07-04 00:23:06] DEBUG: Cache newest=1751558580000
[2025-07-04 00:23:06] DEBUG: start_fetch clicked
[2025-07-04 00:23:06] DEBUG: Loading cache cache\ETH-USDT_1m.parquet
[2025-07-04 00:23:06] DEBUG: Cache newest=1751558580000
[2025-07-04 00:23:07] DEBUG: start_fetch clicked
[2025-07-04 00:23:07] DEBUG: Loading cache cache\ETH-USDT_1m.parquet
[2025-07-04 00:23:07] DEBUG: Cache newest=1751558580000
[2025-07-04 00:23:08] DEBUG: start_fetch clicked
[2025-07-04 00:23:08] DEBUG: Loading cache cache\ETH-USDT_1m.parquet
[2025-07-04 00:23:08] DEBUG: Cache newest=1751558580000
[2025-07-04 00:23:08] DEBUG: start_fetch clicked
[2025-07-04 00:23:08] DEBUG: Loading cache cache\ETH-USDT_1m.parquet
[2025-07-04 00:23:08] DEBUG: Cache newest=1751558580000
[2025-07-04 00:23:08] DEBUG: start_fetch clicked
[2025-07-04 00:23:08] DEBUG: Loading cache cache\ETH-USDT_1m.parquet
[2025-07-04 00:23:08] DEBUG: Cache newest=1751558580000
[2025-07-04 00:23:09] DEBUG: start_fetch clicked
[2025-07-04 00:23:09] DEBUG: Loading cache cache\ETH-USDT_1m.parquet
[2025-07-04 00:23:09] DEBUG: Cache newest=1751558580000
[2025-07-04 00:23:09] DEBUG: start_fetch clicked
[2025-07-04 00:23:09] DEBUG: Loading cache cache\ETH-USDT_1m.parquet
[2025-07-04 00:23:09] DEBUG: Cache newest=1751558580000
[2025-07-04 00:23:09] DEBUG: start_fetch clicked
[2025-07-04 00:23:09] DEBUG: Loading cache cache\ETH-USDT_1m.parquet
[2025-07-04 00:23:09] DEBUG: Cache newest=1751558580000
[2025-07-04 00:23:37] DEBUG: start_fetch clicked
[2025-07-04 00:23:37] DEBUG: Loading cache cache\ETH-USDT_1m.parquet
[2025-07-04 00:23:37] DEBUG: Cache newest=1751558580000
[2025-07-04 00:23:37] DEBUG: start_fetch clicked
[2025-07-04 00:23:37] DEBUG: Loading cache cache\ETH-USDT_1m.parquet
[2025-07-04 00:23:37] DEBUG: Cache newest=1751558580000
[2025-07-04 00:23:38] DEBUG: start_fetch clicked
[2025-07-04 00:23:38] DEBUG: Loading cache cache\ETH-USDT_1m.parquet
[2025-07-04 00:23:38] DEBUG: Cache newest=1751558580000
[2025-07-04 00:23:38] DEBUG: start_fetch clicked
[2025-07-04 00:23:38] DEBUG: Loading cache cache\ETH-USDT_1m.parquet
[2025-07-04 00:23:38] DEBUG: Cache newest=1751558580000
[2025-07-04 00:23:38] DEBUG: start_fetch clicked
[2025-07-04 00:23:38] DEBUG: Loading cache cache\ETH-USDT_1m.parquet
[2025-07-04 00:23:38] DEBUG: Cache newest=1751558580000
[2025-07-04 00:23:38] DEBUG: start_fetch clicked
[2025-07-04 00:23:38] DEBUG: Loading cache cache\ETH-USDT_1m.parquet
[2025-07-04 00:23:38] DEBUG: Cache newest=1751558580000
[2025-07-04 00:23:38] DEBUG: start_fetch clicked
[2025-07-04 00:23:38] DEBUG: Loading cache cache\ETH-USDT_1m.parquet
[2025-07-04 00:23:38] DEBUG: Cache newest=1751558580000
[2025-07-04 00:23:39] DEBUG: start_fetch clicked
[2025-07-04 00:23:39] DEBUG: Loading cache cache\ETH-USDT_1m.parquet
[2025-07-04 00:23:39] DEBUG: Cache newest=1751558580000
[2025-07-04 00:23:39] DEBUG: start_fetch clicked
[2025-07-04 00:23:39] DEBUG: Loading cache cache\ETH-USDT_1m.parquet
[2025-07-04 00:23:39] DEBUG: Cache newest=1751558580000
[2025-07-04 00:23:42] DEBUG: start_fetch clicked
[2025-07-04 00:23:42] DEBUG: Loading cache cache\ETH-USDT_15m.parquet
[2025-07-04 00:23:42] DEBUG: Cache newest=1751558400000
[2025-07-04 00:23:42] DEBUG: start_fetch clicked
[2025-07-04 00:23:42] DEBUG: Loading cache cache\ETH-USDT_15m.parquet
[2025-07-04 00:23:42] DEBUG: Cache newest=1751558400000
[2025-07-04 00:23:43] DEBUG: start_fetch clicked
[2025-07-04 00:23:43] DEBUG: Loading cache cache\ETH-USDT_15m.parquet
[2025-07-04 00:23:43] DEBUG: Cache newest=1751558400000
[2025-07-04 00:23:43] DEBUG: start_fetch clicked
[2025-07-04 00:23:43] DEBUG: Loading cache cache\ETH-USDT_15m.parquet
[2025-07-04 00:23:43] DEBUG: Cache newest=1751558400000
