[2025-07-04 00:37:32] DEBUG: Logging to console and file: logs\debug_20250704_003732.log
[2025-07-04 00:37:34] DEBUG: Set ALL_PROXY=http://127.0.0.1:7890
[2025-07-04 00:37:34] DEBUG: WSSecCandle connecting …
[2025-07-04 00:37:34] DEBUG: WSLive connecting for 1m …
[2025-07-04 00:37:34] DEBUG: WSOrderBook connecting …
[2025-07-04 00:37:36] DEBUG: WSSecCandle subscribed trades
[2025-07-04 00:37:36] DEBUG: WSOrderBook subscribed books5
[2025-07-04 00:37:36] DEBUG: WSLive subscribed candle1m
[2025-07-04 00:37:36] DEBUG: WS1S RAW: {"event":"subscribe","arg":{"channel":"trades","instId":"ETH-USDT"},"connId":"dd51794f"}
[2025-07-04 00:37:36] DEBUG: WS1S RAW: {"arg":{"channel":"trades","instId":"ETH-USDT"},"data":[{"instId":"ETH-USDT","tradeId":"613509648","px":"2573.9","sz":"0.111219","side":"sell","ts":"1751560653570","count":"2"}]}
[2025-07-04 00:37:36] DEBUG: WSOB RAW: {"event":"subscribe","arg":{"channel":"books5","instId":"ETH-USDT"},"connId":"35e41417"}
[2025-07-04 00:37:36] DEBUG: WSOB RAW: {"arg":{"channel":"books5","instId":"ETH-USDT"},"data":[{"asks":[["2573.87","26.38469","0","12"],["2573.89","0.886","0","1"],["2573.91","0.1528","0","2"],["2573.95","0.104107","0","1"],["2573.98","0.1
[2025-07-04 00:37:36] DEBUG: WSOB RAW: {"arg":{"channel":"books5","instId":"ETH-USDT"},"data":[{"asks":[["2573.87","20.703521","0","7"],["2573.91","0.1528","0","2"],["2573.95","0.104107","0","1"],["2574","0.0001","0","1"],["2574.01","0.2",
[2025-07-04 00:37:37] DEBUG: WSOB RAW: {"arg":{"channel":"books5","instId":"ETH-USDT"},"data":[{"asks":[["2573.87","21.589521","0","8"],["2573.91","0.1528","0","2"],["2573.95","0.104107","0","1"],["2574","0.0001","0","1"],["2574.01","0.2",
[2025-07-04 00:37:37] DEBUG: WSOB RAW: {"arg":{"channel":"books5","instId":"ETH-USDT"},"data":[{"asks":[["2573.72","22.35776","0","10"],["2573.73","8.81584","0","2"],["2573.83","0.5","0","1"],["2573.85","6.38182","0","2"],["2573.91","0.152
[2025-07-04 00:37:37] DEBUG: WSOB RAW: {"arg":{"channel":"books5","instId":"ETH-USDT"},"data":[{"asks":[["2573.72","22.35776","0","10"],["2573.73","5.869764","0","3"],["2573.81","0.2","0","1"],["2573.83","0.5","0","1"],["2573.85","6.38182"
[2025-07-04 00:37:37] DEBUG: WSOB RAW: {"arg":{"channel":"books5","instId":"ETH-USDT"},"data":[{"asks":[["2573.61","27.406999","0","12"],["2573.71","1.420155","0","2"],["2573.72","0.2","0","1"],["2573.73","3.805218","0","2"],["2573.83","0.
[2025-07-04 00:37:37] DEBUG: WSOB RAW: {"arg":{"channel":"books5","instId":"ETH-USDT"},"data":[{"asks":[["2573.61","19.498999","0","7"],["2573.71","0.102027","0","1"],["2573.72","0.2","0","1"],["2573.73","0.115218","0","1"],["2573.83","0.5
[2025-07-04 00:37:37] DEBUG: WSOB RAW: {"arg":{"channel":"books5","instId":"ETH-USDT"},"data":[{"asks":[["2573.64","0.1","0","1"],["2573.7","0.1","0","1"],["2573.77","0.1","0","1"],["2573.81","0.2","0","1"],["2573.83","0.1038","0","2"]],"b
[2025-07-04 00:37:37] DEBUG: WSOB RAW: {"arg":{"channel":"books5","instId":"ETH-USDT"},"data":[{"asks":[["2573.81","9.876035","0","9"],["2573.85","0.5","0","1"],["2573.95","0.1","0","1"],["2574","0.0001","0","1"],["2574.06","0.729765","0",
[2025-07-04 00:37:37] DEBUG: WSOB RAW: {"arg":{"channel":"books5","instId":"ETH-USDT"},"data":[{"asks":[["2573.81","9.876035","0","9"],["2573.85","0.5","0","1"],["2573.95","0.1","0","1"],["2574","0.0039","0","2"],["2574.06","0.729765","0",
[2025-07-04 00:37:37] DEBUG: WSOB RAW: {"arg":{"channel":"books5","instId":"ETH-USDT"},"data":[{"asks":[["2573.81","10.001035","0","10"],["2573.85","0.5","0","1"],["2573.95","0.1","0","1"],["2574","0.0039","0","2"],["2574.06","0.729765","0
[2025-07-04 00:37:38] DEBUG: WSOB RAW: {"arg":{"channel":"books5","instId":"ETH-USDT"},"data":[{"asks":[["2573.81","0.125","0","1"],["2573.87","0.2","0","1"],["2573.95","0.1","0","1"],["2574","0.0039","0","2"],["2574.05","0.5","0","1"]],"b
[2025-07-04 00:37:38] DEBUG: WSOB RAW: {"arg":{"channel":"books5","instId":"ETH-USDT"},"data":[{"asks":[["2573.81","0.125","0","1"],["2574","0.0039","0","2"],["2574.05","0.5","0","1"],["2574.08","0.1","0","1"],["2574.11","0.00015","0","1"]
[2025-07-04 00:37:38] DEBUG: WSOB RAW: {"arg":{"channel":"books5","instId":"ETH-USDT"},"data":[{"asks":[["2573.81","0.125","0","1"],["2574","0.0039","0","2"],["2574.08","0.1","0","1"],["2574.17","1.551061","0","2"],["2574.22","0.357","0","
[2025-07-04 00:37:38] DEBUG: WSOB RAW: {"arg":{"channel":"books5","instId":"ETH-USDT"},"data":[{"asks":[["2574.08","6.043973","0","5"],["2574.17","0.83247","0","1"],["2574.23","0.459741","0","1"],["2574.24","0.83247","0","1"],["2574.25","0
[2025-07-04 00:37:38] DEBUG: WSOB RAW: {"arg":{"channel":"books5","instId":"ETH-USDT"},"data":[{"asks":[["2574.08","5.943973","0","4"],["2574.17","0.83247","0","1"],["2574.18","0.1","0","1"],["2574.23","0.459741","0","1"],["2574.24","0.932
[2025-07-04 00:37:38] DEBUG: WSOB RAW: {"arg":{"channel":"books5","instId":"ETH-USDT"},"data":[{"asks":[["2574.08","5.943973","0","4"],["2574.17","0.83247","0","1"],["2574.18","0.1","0","1"],["2574.23","0.459741","0","1"],["2574.24","0.932
[2025-07-04 00:37:38] DEBUG: WSOB RAW: {"arg":{"channel":"books5","instId":"ETH-USDT"},"data":[{"asks":[["2574.16","5.548","0","3"],["2574.18","0.1","0","1"],["2574.24","0.1","0","1"],["2574.26","0.509064","0","1"],["2574.27","0.905647","0
[2025-07-04 00:37:38] DEBUG: WSOB RAW: {"arg":{"channel":"books5","instId":"ETH-USDT"},"data":[{"asks":[["2574.16","5.5764","0","4"],["2574.24","0.1","0","1"],["2574.27","0.2","0","1"],["2574.28","0.000392","0","1"],["2574.31","0.1","0","1
[2025-07-04 00:37:38] DEBUG: WSOB RAW: {"arg":{"channel":"books5","instId":"ETH-USDT"},"data":[{"asks":[["2574.16","0.3074","0","2"],["2574.24","0.1","0","1"],["2574.27","0.2","0","1"],["2574.28","0.000392","0","1"],["2574.31","0.1","0","1
[2025-07-04 00:37:39] DEBUG: WSOB RAW: {"arg":{"channel":"books5","instId":"ETH-USDT"},"data":[{"asks":[["2574.16","0.3074","0","2"],["2574.27","0.2","0","1"],["2574.28","0.000392","0","1"],["2574.35","0.5038","0","2"],["2574.37","0.19084"
[2025-07-04 00:37:39] DEBUG: WSOB RAW: {"arg":{"channel":"books5","instId":"ETH-USDT"},"data":[{"asks":[["2574.16","0.0284","0","1"],["2574.27","0.2","0","1"],["2574.28","0.000392","0","1"],["2574.35","0.5038","0","2"],["2574.37","0.19084"
[2025-07-04 00:37:39] DEBUG: WSOB RAW: {"arg":{"channel":"books5","instId":"ETH-USDT"},"data":[{"asks":[["2574.27","2.01","0","3"],["2574.35","0.5","0","1"],["2574.37","0.19084","0","3"],["2574.39","0.52909","0","1"],["2574.46","0.987432",
[2025-07-04 00:37:39] DEBUG: WSOB RAW: {"arg":{"channel":"books5","instId":"ETH-USDT"},"data":[{"asks":[["2574.27","5.958035","0","6"],["2574.35","0.5","0","1"],["2574.37","0.09084","0","2"],["2574.39","0.52909","0","1"],["2574.46","0.9874
[2025-07-04 00:37:39] DEBUG: WSOB RAW: {"arg":{"channel":"books5","instId":"ETH-USDT"},"data":[{"asks":[["2574.27","5.958035","0","6"],["2574.35","0.5","0","1"],["2574.37","0.09084","0","2"],["2574.39","0.52909","0","1"],["2574.46","0.9874
[2025-07-04 00:37:40] DEBUG: WSOB RAW: {"arg":{"channel":"books5","instId":"ETH-USDT"},"data":[{"asks":[["2574.27","5.975235","0","7"],["2574.35","0.5","0","1"],["2574.37","0.09084","0","2"],["2574.39","0.52909","0","1"],["2574.46","0.9874
[2025-07-04 00:37:40] DEBUG: WSOB RAW: {"arg":{"channel":"books5","instId":"ETH-USDT"},"data":[{"asks":[["2574.27","4.444235","0","6"],["2574.35","0.5","0","1"],["2574.37","0.09084","0","2"],["2574.38","0.1","0","1"],["2574.39","0.52909","
[2025-07-04 00:37:40] DEBUG: WSOB RAW: {"arg":{"channel":"books5","instId":"ETH-USDT"},"data":[{"asks":[["2574.27","7.773785","0","7"],["2574.34","0.401501","0","1"],["2574.35","0.5","0","1"],["2574.37","0.738336","0","3"],["2574.38","0.1"
[2025-07-04 00:37:40] DEBUG: WSOB RAW: {"arg":{"channel":"books5","instId":"ETH-USDT"},"data":[{"asks":[["2574.27","9.363785","0","8"],["2574.34","0.401501","0","1"],["2574.35","0.5","0","1"],["2574.37","0.738336","0","3"],["2574.38","0.1"
[2025-07-04 00:37:40] DEBUG: WSOB RAW: {"arg":{"channel":"books5","instId":"ETH-USDT"},"data":[{"asks":[["2574.27","9.363785","0","8"],["2574.34","0.401501","0","1"],["2574.35","0.5","0","1"],["2574.37","0.738336","0","3"],["2574.38","0.1"
[2025-07-04 00:37:40] DEBUG: WSOB RAW: {"arg":{"channel":"books5","instId":"ETH-USDT"},"data":[{"asks":[["2574.27","9.363785","0","8"],["2574.34","0.401501","0","1"],["2574.35","0.5","0","1"],["2574.37","0.738336","0","3"],["2574.38","0.1"
[2025-07-04 00:37:40] DEBUG: WSOB RAW: {"arg":{"channel":"books5","instId":"ETH-USDT"},"data":[{"asks":[["2574.27","9.363785","0","8"],["2574.34","0.401501","0","1"],["2574.35","0.5","0","1"],["2574.37","0.738336","0","3"],["2574.38","0.1"
[2025-07-04 00:37:40] DEBUG: WSOB RAW: {"arg":{"channel":"books5","instId":"ETH-USDT"},"data":[{"asks":[["2574.27","9.363785","0","8"],["2574.34","0.401501","0","1"],["2574.35","0.5","0","1"],["2574.37","0.738336","0","3"],["2574.38","0.1"
[2025-07-04 00:37:41] DEBUG: WSOB RAW: {"arg":{"channel":"books5","instId":"ETH-USDT"},"data":[{"asks":[["2574.27","9.363785","0","8"],["2574.29","0.1","0","1"],["2574.34","0.401501","0","1"],["2574.35","0.5","0","1"],["2574.36","0.1","0",
[2025-07-04 00:37:41] DEBUG: WSOB RAW: {"arg":{"channel":"books5","instId":"ETH-USDT"},"data":[{"asks":[["2574.27","9.364785","0","9"],["2574.29","0.1","0","1"],["2574.34","0.401501","0","1"],["2574.35","0.5","0","1"],["2574.36","0.1","0",
[2025-07-04 00:37:41] DEBUG: WSOB RAW: {"arg":{"channel":"books5","instId":"ETH-USDT"},"data":[{"asks":[["2574.27","6.035235","0","8"],["2574.29","0.1","0","1"],["2574.34","0.401501","0","1"],["2574.35","0.5","0","1"],["2574.36","0.1","0",
[2025-07-04 00:37:41] DEBUG: WSOB RAW: {"arg":{"channel":"books5","instId":"ETH-USDT"},"data":[{"asks":[["2574.27","6.035235","0","8"],["2574.29","0.1","0","1"],["2574.34","0.401501","0","1"],["2574.35","0.5","0","1"],["2574.36","0.1","0",
[2025-07-04 00:37:41] DEBUG: WSOB RAW: {"arg":{"channel":"books5","instId":"ETH-USDT"},"data":[{"asks":[["2574.27","6.238535","0","9"],["2574.29","0.1","0","1"],["2574.34","0.401501","0","1"],["2574.35","0.5","0","1"],["2574.36","0.1","0",
[2025-07-04 00:37:41] DEBUG: WSOB RAW: {"arg":{"channel":"books5","instId":"ETH-USDT"},"data":[{"asks":[["2574.27","6.238535","0","9"],["2574.29","0.1","0","1"],["2574.34","0.401501","0","1"],["2574.35","0.5","0","1"],["2574.36","0.1","0",
[2025-07-04 00:37:42] DEBUG: WSOB RAW: {"arg":{"channel":"books5","instId":"ETH-USDT"},"data":[{"asks":[["2574.27","6.238535","0","9"],["2574.29","0.1","0","1"],["2574.34","0.401501","0","1"],["2574.35","0.5","0","1"],["2574.36","0.1","0",
[2025-07-04 00:37:42] DEBUG: WSOB RAW: {"arg":{"channel":"books5","instId":"ETH-USDT"},"data":[{"asks":[["2574.27","6.035235","0","8"],["2574.29","0.2","0","2"],["2574.34","0.401501","0","1"],["2574.35","0.5","0","1"],["2574.36","0.1","0",
[2025-07-04 00:37:42] DEBUG: WSOB RAW: {"arg":{"channel":"books5","instId":"ETH-USDT"},"data":[{"asks":[["2574.27","6.035235","0","8"],["2574.29","0.1","0","1"],["2574.34","0.401501","0","1"],["2574.35","0.5","0","1"],["2574.36","0.1","0",
[2025-07-04 00:37:42] DEBUG: WSOB RAW: {"arg":{"channel":"books5","instId":"ETH-USDT"},"data":[{"asks":[["2574.27","6.035235","0","8"],["2574.29","0.1","0","1"],["2574.34","0.401501","0","1"],["2574.35","0.5","0","1"],["2574.36","0.1","0",
[2025-07-04 00:37:42] DEBUG: WSOB RAW: {"arg":{"channel":"books5","instId":"ETH-USDT"},"data":[{"asks":[["2574.27","3.003262","0","7"],["2574.29","0.1","0","1"],["2574.34","0.401501","0","1"],["2574.35","0.5","0","1"],["2574.36","0.1","0",
[2025-07-04 00:37:42] DEBUG: WSOB RAW: {"arg":{"channel":"books5","instId":"ETH-USDT"},"data":[{"asks":[["2574.27","5.058324","0","8"],["2574.29","0.1","0","1"],["2574.34","0.401501","0","1"],["2574.35","0.5","0","1"],["2574.36","0.1","0",
[2025-07-04 00:37:42] DEBUG: WSOB RAW: {"arg":{"channel":"books5","instId":"ETH-USDT"},"data":[{"asks":[["2574.27","6.260624","0","12"],["2574.29","0.1","0","1"],["2574.34","0.401501","0","1"],["2574.35","0.5","0","1"],["2574.36","0.1","0"
[2025-07-04 00:37:43] DEBUG: WSOB RAW: {"arg":{"channel":"books5","instId":"ETH-USDT"},"data":[{"asks":[["2574.27","6.435678","0","13"],["2574.29","0.1","0","1"],["2574.34","0.401501","0","1"],["2574.35","0.5","0","1"],["2574.36","0.1","0"
[2025-07-04 00:37:43] DEBUG: WSOB RAW: {"arg":{"channel":"books5","instId":"ETH-USDT"},"data":[{"asks":[["2574.27","6.435678","0","13"],["2574.29","0.1","0","1"],["2574.34","0.401501","0","1"],["2574.35","0.5","0","1"],["2574.36","0.1","0"
[2025-07-04 00:37:43] DEBUG: WSOB RAW: {"arg":{"channel":"books5","instId":"ETH-USDT"},"data":[{"asks":[["2574.27","6.417478","0","11"],["2574.29","0.1","0","1"],["2574.34","0.401501","0","1"],["2574.35","0.5","0","1"],["2574.36","0.1","0"
[2025-07-04 00:37:43] DEBUG: WSOB RAW: {"arg":{"channel":"books5","instId":"ETH-USDT"},"data":[{"asks":[["2574.27","6.517478","0","12"],["2574.29","0.1","0","1"],["2574.34","0.401501","0","1"],["2574.35","0.5","0","1"],["2574.36","0.1","0"
[2025-07-04 00:37:43] DEBUG: WSOB RAW: {"arg":{"channel":"books5","instId":"ETH-USDT"},"data":[{"asks":[["2574.27","6.534478","0","13"],["2574.29","0.1","0","1"],["2574.34","0.401501","0","1"],["2574.35","0.5","0","1"],["2574.36","0.1","0"
[2025-07-04 00:37:43] DEBUG: WSOB RAW: {"arg":{"channel":"books5","instId":"ETH-USDT"},"data":[{"asks":[["2574.27","12.735088","0","14"],["2574.29","0.1","0","1"],["2574.34","0.401501","0","1"],["2574.35","0.5","0","1"],["2574.36","0.1","0
[2025-07-04 00:37:44] DEBUG: WSOB RAW: {"arg":{"channel":"books5","instId":"ETH-USDT"},"data":[{"asks":[["2574.27","6.534478","0","13"],["2574.29","0.1","0","1"],["2574.34","0.401501","0","1"],["2574.35","0.5","0","1"],["2574.36","0.1","0"
[2025-07-04 00:37:44] DEBUG: WSOB RAW: {"arg":{"channel":"books5","instId":"ETH-USDT"},"data":[{"asks":[["2574.27","5.394178","0","12"],["2574.29","0.1","0","1"],["2574.34","0.401501","0","1"],["2574.35","0.5","0","1"],["2574.36","0.1","0"
[2025-07-04 00:37:44] DEBUG: WSOB RAW: {"arg":{"channel":"books5","instId":"ETH-USDT"},"data":[{"asks":[["2574.27","4.762205","0","11"],["2574.34","0.401501","0","1"],["2574.35","0.5","0","1"],["2574.36","0.1","0","1"],["2574.37","0.738336
[2025-07-04 00:37:44] DEBUG: WSOB RAW: {"arg":{"channel":"books5","instId":"ETH-USDT"},"data":[{"asks":[["2574.27","4.662205","0","10"],["2574.34","0.401501","0","1"],["2574.35","0.5","0","1"],["2574.36","0.1","0","1"],["2574.37","0.738336
[2025-07-04 00:37:44] DEBUG: WSOB RAW: {"arg":{"channel":"books5","instId":"ETH-USDT"},"data":[{"asks":[["2574.27","4.662205","0","10"],["2574.34","0.401501","0","1"],["2574.35","0.5","0","1"],["2574.36","0.1","0","1"],["2574.37","0.738336
[2025-07-04 00:37:44] DEBUG: WSOB RAW: {"arg":{"channel":"books5","instId":"ETH-USDT"},"data":[{"asks":[["2574.27","4.016124","0","5"],["2574.34","0.401501","0","1"],["2574.35","0.5","0","1"],["2574.36","0.1","0","1"],["2574.37","0.738336"
[2025-07-04 00:37:45] DEBUG: WSOB RAW: {"arg":{"channel":"books5","instId":"ETH-USDT"},"data":[{"asks":[["2574.27","7.345674","0","6"],["2574.34","0.401501","0","1"],["2574.35","0.5","0","1"],["2574.36","0.1","0","1"],["2574.37","0.738336"
[2025-07-04 00:37:45] DEBUG: WSOB RAW: {"arg":{"channel":"books5","instId":"ETH-USDT"},"data":[{"asks":[["2574.27","7.345674","0","6"],["2574.29","0.1","0","1"],["2574.34","0.401501","0","1"],["2574.35","0.5","0","1"],["2574.36","0.1","0",
[2025-07-04 00:37:45] DEBUG: WSOB RAW: {"arg":{"channel":"books5","instId":"ETH-USDT"},"data":[{"asks":[["2574.27","7.360274","0","7"],["2574.29","0.1","0","1"],["2574.34","0.401501","0","1"],["2574.35","0.5","0","1"],["2574.36","0.1","0",
[2025-07-04 00:37:45] DEBUG: WSOB RAW: {"arg":{"channel":"books5","instId":"ETH-USDT"},"data":[{"asks":[["2574.27","7.345674","0","6"],["2574.29","0.1","0","1"],["2574.34","0.401501","0","1"],["2574.35","0.5","0","1"],["2574.36","0.1","0",
[2025-07-04 00:37:46] DEBUG: WSOB RAW: {"arg":{"channel":"books5","instId":"ETH-USDT"},"data":[{"asks":[["2574.27","7.345674","0","6"],["2574.29","0.1","0","1"],["2574.34","0.401501","0","1"],["2574.35","0.5","0","1"],["2574.36","0.1","0",
[2025-07-04 00:37:46] DEBUG: WSOB RAW: {"arg":{"channel":"books5","instId":"ETH-USDT"},"data":[{"asks":[["2574.11","13.358593","0","7"],["2574.26","0.594668","0","2"],["2574.27","0.2138","0","2"],["2574.29","0.1","0","1"],["2574.3","0.0038
[2025-07-04 00:37:46] DEBUG: WSOB RAW: {"arg":{"channel":"books5","instId":"ETH-USDT"},"data":[{"asks":[["2574.01","11.880527","0","6"],["2574.25","0.45366","0","1"],["2574.26","1.512201","0","2"],["2574.27","0.2138","0","2"],["2574.29","0
[2025-07-04 00:37:46] DEBUG: WSOB RAW: {"arg":{"channel":"books5","instId":"ETH-USDT"},"data":[{"asks":[["2574.01","11.880527","0","6"],["2574.2","0.0038","0","1"],["2574.25","0.45366","0","1"],["2574.26","1.512201","0","2"],["2574.27","0.
[2025-07-04 00:37:46] DEBUG: WSOB RAW: {"arg":{"channel":"books5","instId":"ETH-USDT"},"data":[{"asks":[["2574.01","11.7785","0","5"],["2574.2","0.0038","0","1"],["2574.26","1.512201","0","2"],["2574.27","0.2138","0","2"],["2574.35","0.5",
[2025-07-04 00:37:46] DEBUG: WSOB RAW: {"arg":{"channel":"books5","instId":"ETH-USDT"},"data":[{"asks":[["2574.01","1.753","0","2"],["2574.2","0.0038","0","1"],["2574.26","1.512201","0","2"],["2574.27","0.2138","0","2"],["2574.35","0.5","0
[2025-07-04 00:37:46] DEBUG: WSOB RAW: {"arg":{"channel":"books5","instId":"ETH-USDT"},"data":[{"asks":[["2574.1","6.314178","0","6"],["2574.26","0.892138","0","2"],["2574.27","0.2138","0","2"],["2574.29","0.0038","0","1"],["2574.35","0.5"
[2025-07-04 00:37:46] DEBUG: WSOB RAW: {"arg":{"channel":"books5","instId":"ETH-USDT"},"data":[{"asks":[["2574.1","6.314178","0","6"],["2574.26","0.892138","0","2"],["2574.27","0.2138","0","2"],["2574.29","0.0038","0","1"],["2574.35","0.5"
[2025-07-04 00:37:46] DEBUG: WSOB RAW: {"arg":{"channel":"books5","instId":"ETH-USDT"},"data":[{"asks":[["2574.1","6.473478","0","7"],["2574.26","0.892138","0","2"],["2574.27","0.2138","0","2"],["2574.29","0.0038","0","1"],["2574.35","0.5"
[2025-07-04 00:37:46] DEBUG: WSOB RAW: {"arg":{"channel":"books5","instId":"ETH-USDT"},"data":[{"asks":[["2574.1","6.473478","0","7"],["2574.26","3.057943","0","2"],["2574.27","0.2138","0","2"],["2574.29","0.0038","0","1"],["2574.35","0.5"
[2025-07-04 00:37:47] DEBUG: WSOB RAW: {"arg":{"channel":"books5","instId":"ETH-USDT"},"data":[{"asks":[["2574.1","6.473478","0","7"],["2574.26","3.057943","0","2"],["2574.27","0.2","0","1"],["2574.29","0.0038","0","1"],["2574.35","0.5","0
[2025-07-04 00:37:47] DEBUG: WSOB RAW: {"arg":{"channel":"books5","instId":"ETH-USDT"},"data":[{"asks":[["2574.1","6.573478","0","8"],["2574.16","0.1","0","1"],["2574.22","0.1","0","1"],["2574.26","3.057943","0","2"],["2574.27","0.2","0","
[2025-07-04 00:37:47] DEBUG: WSOB RAW: {"arg":{"channel":"books5","instId":"ETH-USDT"},"data":[{"asks":[["2574.1","6.587278","0","9"],["2574.16","0.1","0","1"],["2574.22","0.1","0","1"],["2574.26","3.057943","0","2"],["2574.27","0.2","0","
[2025-07-04 00:37:47] DEBUG: WSOB RAW: {"arg":{"channel":"books5","instId":"ETH-USDT"},"data":[{"asks":[["2574.1","6.427978","0","8"],["2574.16","0.1","0","1"],["2574.22","0.1","0","1"],["2574.26","3.057943","0","2"],["2574.27","0.2","0","
[2025-07-04 00:37:47] DEBUG: WSOB RAW: {"arg":{"channel":"books5","instId":"ETH-USDT"},"data":[{"asks":[["2574.1","6.427978","0","8"],["2574.16","0.1","0","1"],["2574.22","0.1","0","1"],["2574.26","2.1022","0","1"],["2574.27","0.2","0","1"
[2025-07-04 00:37:48] DEBUG: WSOB RAW: {"arg":{"channel":"books5","instId":"ETH-USDT"},"data":[{"asks":[["2574.1","6.307978","0","7"],["2574.16","0.1","0","1"],["2574.22","0.1","0","1"],["2574.26","0.492641","0","1"],["2574.27","0.2","0","
[2025-07-04 00:37:48] DEBUG: WSOB RAW: {"arg":{"channel":"books5","instId":"ETH-USDT"},"data":[{"asks":[["2574.1","6.014205","0","4"],["2574.16","0.1","0","1"],["2574.26","0.492641","0","1"],["2574.27","0.2","0","1"],["2574.29","0.1038","0
[2025-07-04 00:37:48] DEBUG: WSOB RAW: {"arg":{"channel":"books5","instId":"ETH-USDT"},"data":[{"asks":[["2574.1","2.977124","0","3"],["2574.16","0.1","0","1"],["2574.26","0.492641","0","1"],["2574.27","0.2","0","1"],["2574.29","0.1038","0
[2025-07-04 00:37:48] DEBUG: WSOB RAW: {"arg":{"channel":"books5","instId":"ETH-USDT"},"data":[{"asks":[["2574.1","3.097124","0","4"],["2574.26","0.492641","0","1"],["2574.27","0.2","0","1"],["2574.29","0.1038","0","2"],["2574.35","0.5","0
[2025-07-04 00:37:48] DEBUG: WSOB RAW: {"arg":{"channel":"books5","instId":"ETH-USDT"},"data":[{"asks":[["2574.1","7.189536","0","7"],["2574.26","1.538061","0","2"],["2574.27","0.2","0","1"],["2574.29","0.1038","0","2"],["2574.35","0.5","0
[2025-07-04 00:37:48] DEBUG: WSOB RAW: {"arg":{"channel":"books5","instId":"ETH-USDT"},"data":[{"asks":[["2574.1","7.189536","0","7"],["2574.26","1.538061","0","2"],["2574.27","0.2","0","1"],["2574.29","0.1038","0","2"],["2574.35","0.5","0
[2025-07-04 00:37:48] DEBUG: WSOB RAW: {"arg":{"channel":"books5","instId":"ETH-USDT"},"data":[{"asks":[["2574.1","7.189536","0","7"],["2574.16","0.1","0","1"],["2574.23","0.1","0","1"],["2574.26","0.492641","0","1"],["2574.27","0.2","0","
[2025-07-04 00:37:49] DEBUG: WSOB RAW: {"arg":{"channel":"books5","instId":"ETH-USDT"},"data":[{"asks":[["2574.1","3.34235","0","2"],["2574.16","0.1","0","1"],["2574.23","0.1","0","1"],["2574.26","0.492641","0","1"],["2574.27","0.2","0","1
[2025-07-04 00:37:49] DEBUG: WSOB RAW: {"arg":{"channel":"books5","instId":"ETH-USDT"},"data":[{"asks":[["2574.1","3.34235","0","2"],["2574.23","0.1","0","1"],["2574.26","0.492641","0","1"],["2574.27","0.2","0","1"],["2574.29","0.1038","0"
[2025-07-04 00:37:49] DEBUG: WSOB RAW: {"arg":{"channel":"books5","instId":"ETH-USDT"},"data":[{"asks":[["2574.23","1.751","0","3"],["2574.26","0.492641","0","1"],["2574.27","0.2","0","1"],["2574.29","0.1","0","1"],["2574.35","0.6","0","2"
[2025-07-04 00:37:49] DEBUG: WSOB RAW: {"arg":{"channel":"books5","instId":"ETH-USDT"},"data":[{"asks":[["2574.23","1.6511","0","3"],["2574.26","0.492641","0","1"],["2574.27","0.2","0","1"],["2574.35","0.6","0","2"],["2574.37","0.738336","
[2025-07-04 00:37:49] DEBUG: WSOB RAW: {"arg":{"channel":"books5","instId":"ETH-USDT"},"data":[{"asks":[["2574.23","9.276516","0","7"],["2574.26","1.084247","0","2"],["2574.27","0.2","0","1"],["2574.35","0.6","0","2"],["2574.37","0.738336"
[2025-07-04 00:37:50] DEBUG: WSOB RAW: {"arg":{"channel":"books5","instId":"ETH-USDT"},"data":[{"asks":[["2574.23","9.287316","0","8"],["2574.26","0.492641","0","1"],["2574.27","0.2","0","1"],["2574.35","0.6","0","2"],["2574.37","0.738336"
[2025-07-04 00:37:50] DEBUG: WSOB RAW: {"arg":{"channel":"books5","instId":"ETH-USDT"},"data":[{"asks":[["2574.23","9.387316","0","9"],["2574.26","0.492641","0","1"],["2574.27","0.2","0","1"],["2574.28","0.1","0","1"],["2574.34","0.1","0",
[2025-07-04 00:37:50] DEBUG: WSOB RAW: {"arg":{"channel":"books5","instId":"ETH-USDT"},"data":[{"asks":[["2574.23","9.342156","0","9"],["2574.26","0.492641","0","1"],["2574.27","0.2","0","1"],["2574.28","0.1","0","1"],["2574.34","0.1","0",
[2025-07-04 00:37:50] DEBUG: WSOB RAW: {"arg":{"channel":"books5","instId":"ETH-USDT"},"data":[{"asks":[["2574.23","9.341919","0","9"],["2574.26","0.492641","0","1"],["2574.27","0.2","0","1"],["2574.28","0.1","0","1"],["2574.34","0.1","0",
[2025-07-04 00:37:51] DEBUG: WSOB RAW: {"arg":{"channel":"books5","instId":"ETH-USDT"},"data":[{"asks":[["2574.21","23.84983","0","11"],["2574.22","0.653558","0","2"],["2574.23","0.1001","0","2"],["2574.27","0.2","0","1"],["2574.28","0.1",
[2025-07-04 00:37:51] DEBUG: WSOB RAW: {"arg":{"channel":"books5","instId":"ETH-USDT"},"data":[{"asks":[["2574.21","23.84983","0","11"],["2574.22","0.653558","0","2"],["2574.23","0.1001","0","2"],["2574.27","0.2","0","1"],["2574.34","0.1",
[2025-07-04 00:37:51] DEBUG: WSOB RAW: {"arg":{"channel":"books5","instId":"ETH-USDT"},"data":[{"asks":[["2574.21","23.84983","0","11"],["2574.22","0.653558","0","2"],["2574.23","0.1001","0","2"],["2574.27","0.2","0","1"],["2574.34","0.1",
[2025-07-04 00:37:51] DEBUG: WSOB RAW: {"arg":{"channel":"books5","instId":"ETH-USDT"},"data":[{"asks":[["2574.21","23.84983","0","11"],["2574.22","0.653558","0","2"],["2574.23","0.1","0","1"],["2574.27","0.2","0","1"],["2574.34","0.1","0"
[2025-07-04 00:37:52] DEBUG: WSOB RAW: {"arg":{"channel":"books5","instId":"ETH-USDT"},"data":[{"asks":[["2574.21","23.85983","0","12"],["2574.22","0.653558","0","2"],["2574.23","0.1","0","1"],["2574.27","0.2","0","1"],["2574.34","0.1","0"
[2025-07-04 00:37:52] DEBUG: WSOB RAW: {"arg":{"channel":"books5","instId":"ETH-USDT"},"data":[{"asks":[["2574.21","23.95983","0","13"],["2574.22","0.653558","0","2"],["2574.23","0.1","0","1"],["2574.27","0.2","0","1"],["2574.3","0.1","0",
[2025-07-04 00:37:52] DEBUG: WSOB RAW: {"arg":{"channel":"books5","instId":"ETH-USDT"},"data":[{"asks":[["2574.11","25.06369","0","10"],["2574.19","2.067077","0","1"],["2574.2","0.102027","0","1"],["2574.21","0.11","0","2"],["2574.23","0.1
[2025-07-04 00:37:52] DEBUG: WSOB RAW: {"arg":{"channel":"books5","instId":"ETH-USDT"},"data":[{"asks":[["2574.11","25.06369","0","10"],["2574.2","0.102027","0","1"],["2574.21","0.11","0","2"],["2574.27","0.2","0","1"],["2574.3","0.1038","
[2025-07-04 00:37:52] DEBUG: WSOB RAW: {"arg":{"channel":"books5","instId":"ETH-USDT"},"data":[{"asks":[["2574.11","25.06379","0","11"],["2574.2","0.102027","0","1"],["2574.21","0.11","0","2"],["2574.27","0.2","0","1"],["2574.3","0.1038","
[2025-07-04 00:37:52] DEBUG: WSOB RAW: {"arg":{"channel":"books5","instId":"ETH-USDT"},"data":[{"asks":[["2574.11","23.47379","0","10"],["2574.2","0.102027","0","1"],["2574.21","0.11","0","2"],["2574.27","0.2","0","1"],["2574.28","0.000392
[2025-07-04 00:37:52] DEBUG: WSOB RAW: {"arg":{"channel":"books5","instId":"ETH-USDT"},"data":[{"asks":[["2574.11","23.47379","0","10"],["2574.2","0.102027","0","1"],["2574.21","0.11","0","2"],["2574.27","0.2","0","1"],["2574.28","0.000392
[2025-07-04 00:37:52] DEBUG: WSOB RAW: {"arg":{"channel":"books5","instId":"ETH-USDT"},"data":[{"asks":[["2574.11","23.47379","0","10"],["2574.2","0.102027","0","1"],["2574.21","0.1","0","1"],["2574.27","0.2","0","1"],["2574.28","0.000392"
[2025-07-04 00:37:53] DEBUG: WSOB RAW: {"arg":{"channel":"books5","instId":"ETH-USDT"},"data":[{"asks":[["2574.11","23.47379","0","10"],["2574.2","0.102027","0","1"],["2574.21","0.1","0","1"],["2574.27","0.2","0","1"],["2574.28","0.000392"
[2025-07-04 00:37:53] DEBUG: WSOB RAW: {"arg":{"channel":"books5","instId":"ETH-USDT"},"data":[{"asks":[["2574.11","16.21549","0","7"],["2574.2","0.102027","0","1"],["2574.21","0.1","0","1"],["2574.27","0.2","0","1"],["2574.28","0.000392",
[2025-07-04 00:37:53] DEBUG: WSOB RAW: {"arg":{"channel":"books5","instId":"ETH-USDT"},"data":[{"asks":[["2574.11","16.49449","0","8"],["2574.2","0.102027","0","1"],["2574.21","0.1","0","1"],["2574.27","0.2","0","1"],["2574.28","0.000392",
[2025-07-04 00:37:53] DEBUG: WSOB RAW: {"arg":{"channel":"books5","instId":"ETH-USDT"},"data":[{"asks":[["2574.11","16.50439","0","9"],["2574.13","0.1","0","1"],["2574.2","0.202027","0","2"],["2574.21","0.1","0","1"],["2574.27","0.2","0","
[2025-07-04 00:37:53] DEBUG: WSOB RAW: {"arg":{"channel":"books5","instId":"ETH-USDT"},"data":[{"asks":[["2574.11","2.154062","0","3"],["2574.13","0.1","0","1"],["2574.2","0.202027","0","2"],["2574.21","0.1","0","1"],["2574.27","0.2","0","
[2025-07-04 00:37:53] DEBUG: WSOB RAW: {"arg":{"channel":"books5","instId":"ETH-USDT"},"data":[{"asks":[["2574.11","0.01","0","2"],["2574.27","0.2","0","1"],["2574.28","0.000392","0","1"],["2574.3","0.1038","0","2"],["2574.33","0.431501","
[2025-07-04 00:37:53] DEBUG: WSOB RAW: {"arg":{"channel":"books5","instId":"ETH-USDT"},"data":[{"asks":[["2574.3","0.1","0","1"],["2574.37","0.738336","0","3"],["2574.39","0.43168","0","1"],["2574.44","0.2","0","1"],["2574.46","0.983632","
[2025-07-04 00:37:53] DEBUG: WSOB RAW: {"arg":{"channel":"books5","instId":"ETH-USDT"},"data":[{"asks":[["2574.37","3.282171","0","4"],["2574.39","0.43168","0","1"],["2574.44","0.2","0","1"],["2574.46","0.983632","0","1"],["2574.52","1.496
[2025-07-04 00:37:53] DEBUG: WSOB RAW: {"arg":{"channel":"books5","instId":"ETH-USDT"},"data":[{"asks":[["2574.37","8.053444","0","7"],["2574.39","0.43168","0","1"],["2574.44","0.2","0","1"],["2574.46","0.983632","0","1"],["2574.52","1.496
[2025-07-04 00:37:54] DEBUG: WSOB RAW: {"arg":{"channel":"books5","instId":"ETH-USDT"},"data":[{"asks":[["2574.37","6.463444","0","6"],["2574.39","0.43168","0","1"],["2574.44","0.2","0","1"],["2574.46","0.983632","0","1"],["2574.52","2.118
[2025-07-04 00:37:54] DEBUG: WSOB RAW: {"arg":{"channel":"books5","instId":"ETH-USDT"},"data":[{"asks":[["2574.37","3.162171","0","3"],["2574.44","0.2","0","1"],["2574.52","0.472931","0","1"],["2574.55","0.5","0","1"],["2574.56","0.0038","
[2025-07-04 00:37:54] DEBUG: start_fetch clicked
[2025-07-04 00:37:54] DEBUG: Loading cache cache\ETH-USDT_1m.parquet
[2025-07-04 00:37:54] DEBUG: Cache newest=1751558580000
[2025-07-04 00:37:55] DEBUG: WSOB RAW: {"arg":{"channel":"books5","instId":"ETH-USDT"},"data":[{"asks":[["2574.37","3.162171","0","3"],["2574.44","0.2","0","1"],["2574.52","1.520815","0","2"],["2574.55","0.5","0","1"],["2574.56","0.0038","
[2025-07-04 00:37:55] DEBUG: WSOB RAW: {"arg":{"channel":"books5","instId":"ETH-USDT"},"data":[{"asks":[["2574.37","3.165571","0","4"],["2574.44","0.2","0","1"],["2574.52","1.520815","0","2"],["2574.55","0.5","0","1"],["2574.56","0.0038","
[2025-07-04 00:37:55] DEBUG: WSOB RAW: {"arg":{"channel":"books5","instId":"ETH-USDT"},"data":[{"asks":[["2574.37","3.165571","0","4"],["2574.44","0.2","0","1"],["2574.51","0.1","0","1"],["2574.52","1.520815","0","2"],["2574.55","0.5","0",
[2025-07-04 00:37:55] DEBUG: WSOB RAW: {"arg":{"channel":"books5","instId":"ETH-USDT"},"data":[{"asks":[["2574.37","0.09449","0","3"],["2574.44","0.2","0","1"],["2574.51","0.1","0","1"],["2574.52","1.520815","0","2"],["2574.55","0.5","0","
[2025-07-04 00:37:55] DEBUG: WSOB RAW: {"arg":{"channel":"books5","instId":"ETH-USDT"},"data":[{"asks":[["2574.37","0.09449","0","3"],["2574.51","0.1","0","1"],["2574.54","0.566305","0","1"],["2574.55","0.5","0","1"],["2574.56","0.0038","0
[2025-07-04 00:37:55] DEBUG: WSOB RAW: {"arg":{"channel":"books5","instId":"ETH-USDT"},"data":[{"asks":[["2574.37","0.09449","0","3"],["2574.54","0.566305","0","1"],["2574.55","0.5","0","1"],["2574.56","0.0038","0","1"],["2574.57","0.1","0
[2025-07-04 00:37:55] DEBUG: WSOB RAW: {"arg":{"channel":"books5","instId":"ETH-USDT"},"data":[{"asks":[["2574.37","0.09449","0","3"],["2574.55","0.5","0","1"],["2574.56","0.0038","0","1"],["2574.57","0.1","0","1"],["2574.58","0.0001","0",
[2025-07-04 00:37:55] DEBUG: WSOB RAW: {"arg":{"channel":"books5","instId":"ETH-USDT"},"data":[{"asks":[["2574.37","0.09449","0","3"],["2574.56","0.0038","0","1"],["2574.57","0.1","0","1"],["2574.58","0.0001","0","1"],["2574.63","0.983632"
[2025-07-04 00:37:55] DEBUG: WSOB RAW: {"arg":{"channel":"books5","instId":"ETH-USDT"},"data":[{"asks":[["2574.37","0.09109","0","2"],["2574.56","0.0038","0","1"],["2574.58","0.0001","0","1"],["2574.63","0.983632","0","1"],["2574.64","0.1"
[2025-07-04 00:37:55] DEBUG: WSOB RAW: {"arg":{"channel":"books5","instId":"ETH-USDT"},"data":[{"asks":[["2574.37","0.09109","0","2"],["2574.56","0.0038","0","1"],["2574.58","0.0001","0","1"],["2574.63","0.983632","0","1"],["2574.64","0.1"
[2025-07-04 00:37:55] DEBUG: WSOB RAW: {"arg":{"channel":"books5","instId":"ETH-USDT"},"data":[{"asks":[["2574.37","0.09159","0","3"],["2574.56","0.0038","0","1"],["2574.58","0.0001","0","1"],["2574.63","0.983632","0","1"],["2574.64","0.1"
[2025-07-04 00:37:55] DEBUG: WSOB RAW: {"arg":{"channel":"books5","instId":"ETH-USDT"},"data":[{"asks":[["2574.37","0.09159","0","3"],["2574.56","0.0038","0","1"],["2574.58","0.0001","0","1"],["2574.63","0.983632","0","1"],["2574.64","0.1"
[2025-07-04 00:37:57] DEBUG: WSOB RAW: {"arg":{"channel":"books5","instId":"ETH-USDT"},"data":[{"asks":[["2574.37","0.09569","0","4"],["2574.56","0.0038","0","1"],["2574.58","0.0001","0","1"],["2574.63","0.983632","0","1"],["2574.64","0.1"
[2025-07-04 00:37:57] DEBUG: WSOB RAW: {"arg":{"channel":"books5","instId":"ETH-USDT"},"data":[{"asks":[["2574.58","0.0001","0","1"],["2574.64","0.1","0","1"],["2574.67","0.000392","0","1"],["2574.7","0.3","0","2"],["2574.75","0.0038","0",
[2025-07-04 00:37:57] DEBUG: WSOB RAW: {"arg":{"channel":"books5","instId":"ETH-USDT"},"data":[{"asks":[["2574.58","0.0001","0","1"],["2574.68","1.59","0","1"],["2574.7","0.2","0","1"],["2574.75","0.0038","0","1"],["2574.77","0.1","0","1"]
[2025-07-04 00:37:57] DEBUG: WSOB RAW: {"arg":{"channel":"books5","instId":"ETH-USDT"},"data":[{"asks":[["2574.58","0.0001","0","1"],["2574.66","1.59","0","1"],["2574.7","0.2","0","1"],["2574.75","0.0038","0","1"],["2574.77","0.1","0","1"]
[2025-07-04 00:37:57] DEBUG: WSOB RAW: {"arg":{"channel":"books5","instId":"ETH-USDT"},"data":[{"asks":[["2574.58","0.0002","0","2"],["2574.66","1.59","0","1"],["2574.7","0.2","0","1"],["2574.75","0.0038","0","1"],["2574.77","0.1","0","1"]
[2025-07-04 00:37:58] DEBUG: WSOB RAW: {"arg":{"channel":"books5","instId":"ETH-USDT"},"data":[{"asks":[["2574.77","0.1","0","1"],["2574.82","0.2","0","1"],["2574.83","0.1","0","1"],["2574.84","0.09069","0","1"],["2574.87","0.000392","0","
[2025-07-04 00:37:58] DEBUG: WSOB RAW: {"arg":{"channel":"books5","instId":"ETH-USDT"},"data":[{"asks":[["2574.82","8.125027","0","6"],["2574.84","0.09069","0","1"],["2574.87","0.000392","0","1"],["2574.89","0.00015","0","1"],["2574.92","0
[2025-07-04 00:37:58] DEBUG: WSOB RAW: {"arg":{"channel":"books5","instId":"ETH-USDT"},"data":[{"asks":[["2574.82","8.125027","0","6"],["2574.84","0.09069","0","1"],["2574.87","0.000392","0","1"],["2574.89","0.00015","0","1"],["2574.92","0
[2025-07-04 00:37:58] DEBUG: WSOB RAW: {"arg":{"channel":"books5","instId":"ETH-USDT"},"data":[{"asks":[["2574.82","8.129127","0","7"],["2574.84","0.09069","0","1"],["2574.87","0.000392","0","1"],["2574.89","0.00015","0","1"],["2574.92","0
[2025-07-04 00:37:58] DEBUG: WSOB RAW: {"arg":{"channel":"books5","instId":"ETH-USDT"},"data":[{"asks":[["2574.82","8.129127","0","7"],["2574.84","0.09069","0","1"],["2574.87","0.000392","0","1"],["2574.89","0.00015","0","1"],["2574.92","0
[2025-07-04 00:37:58] DEBUG: WSOB RAW: {"arg":{"channel":"books5","instId":"ETH-USDT"},"data":[{"asks":[["2574.82","11.819127","0","8"],["2574.84","0.09069","0","1"],["2574.87","0.100392","0","2"],["2574.89","0.00015","0","1"],["2574.92","
[2025-07-04 00:37:58] DEBUG: WSOB RAW: {"arg":{"channel":"books5","instId":"ETH-USDT"},"data":[{"asks":[["2574.82","11.815027","0","7"],["2574.84","0.09069","0","1"],["2574.87","0.100392","0","2"],["2574.89","0.00015","0","1"],["2574.92","
[2025-07-04 00:37:58] DEBUG: WSOB RAW: {"arg":{"channel":"books5","instId":"ETH-USDT"},"data":[{"asks":[["2574.82","11.883459","0","8"],["2574.84","0.09069","0","1"],["2574.87","0.100392","0","2"],["2574.89","0.00015","0","1"],["2574.92","
[2025-07-04 00:37:59] DEBUG: WSOB RAW: {"arg":{"channel":"books5","instId":"ETH-USDT"},"data":[{"asks":[["2574.82","8.193459","0","7"],["2574.84","0.09069","0","1"],["2574.87","0.100392","0","2"],["2574.89","0.00015","0","1"],["2574.92","0
[2025-07-04 00:37:59] DEBUG: WSOB RAW: {"arg":{"channel":"books5","instId":"ETH-USDT"},"data":[{"asks":[["2574.82","11.883459","0","8"],["2574.84","0.09069","0","1"],["2574.87","0.100392","0","2"],["2574.89","0.00015","0","1"],["2574.92","
[2025-07-04 00:37:59] DEBUG: WSOB RAW: {"arg":{"channel":"books5","instId":"ETH-USDT"},"data":[{"asks":[["2574.82","11.886959","0","9"],["2574.84","0.09069","0","1"],["2574.87","0.100392","0","2"],["2574.89","0.00015","0","1"],["2574.92","
[2025-07-04 00:37:59] DEBUG: WSOB RAW: {"arg":{"channel":"books5","instId":"ETH-USDT"},"data":[{"asks":[["2574.82","11.886959","0","9"],["2574.84","0.09069","0","1"],["2574.85","0.1","0","1"],["2574.87","0.100392","0","2"],["2574.89","0.00
[2025-07-04 00:37:59] DEBUG: WSOB RAW: {"arg":{"channel":"books5","instId":"ETH-USDT"},"data":[{"asks":[["2574.82","6.606959","0","7"],["2574.84","0.09069","0","1"],["2574.85","0.1","0","1"],["2574.87","0.000392","0","1"],["2574.89","0.000
[2025-07-04 00:37:59] DEBUG: WSOB RAW: {"arg":{"channel":"books5","instId":"ETH-USDT"},"data":[{"asks":[["2574.82","0.071932","0","2"],["2574.84","0.09069","0","1"],["2574.85","0.1","0","1"],["2574.87","0.000392","0","1"],["2574.92","0.101
[2025-07-04 00:38:00] DEBUG: WSOB RAW: {"arg":{"channel":"books5","instId":"ETH-USDT"},"data":[{"asks":[["2574.82","0.071932","0","2"],["2574.84","0.09069","0","1"],["2574.87","0.000392","0","1"],["2574.92","0.101218","0","3"],["2575","0.0
[2025-07-04 00:38:00] DEBUG: WSOB RAW: {"arg":{"channel":"books5","instId":"ETH-USDT"},"data":[{"asks":[["2574.82","0.071932","0","2"],["2574.84","0.09069","0","1"],["2574.87","0.000392","0","1"],["2574.92","0.101218","0","3"],["2575","0.0
[2025-07-04 00:38:00] DEBUG: WSOB RAW: {"arg":{"channel":"books5","instId":"ETH-USDT"},"data":[{"asks":[["2574.92","0.101218","0","3"],["2575","0.002562","0","1"],["2575.04","0.1","0","1"],["2575.13","0.0038","0","1"],["2575.25","0.2","0",
[2025-07-04 00:38:00] DEBUG: WSOB RAW: {"arg":{"channel":"books5","instId":"ETH-USDT"},"data":[{"asks":[["2574.92","0.101218","0","3"],["2575","0.002562","0","1"],["2575.13","0.0038","0","1"],["2575.25","0.2","0","1"],["2575.26","0.3819","
[2025-07-04 00:38:00] DEBUG: WSOB RAW: {"arg":{"channel":"books5","instId":"ETH-USDT"},"data":[{"asks":[["2574.92","0.101218","0","3"],["2575","0.002562","0","1"],["2575.13","0.0038","0","1"],["2575.25","0.2","0","1"],["2575.26","0.3819","
[2025-07-04 00:38:00] DEBUG: WSOB RAW: {"arg":{"channel":"books5","instId":"ETH-USDT"},"data":[{"asks":[["2575.25","0.2","0","1"],["2575.26","0.0001","0","1"],["2575.27","0.000392","0","1"],["2575.31","0.09069","0","1"],["2575.32","0.0038"
[2025-07-04 00:38:00] DEBUG: WSOB RAW: {"arg":{"channel":"books5","instId":"ETH-USDT"},"data":[{"asks":[["2575.26","0.2001","0","2"],["2575.31","0.09069","0","1"],["2575.38","0.993651","0","2"],["2575.45","0.5","0","1"],["2575.48","0.51294
[2025-07-04 00:38:00] DEBUG: WSOB RAW: {"arg":{"channel":"books5","instId":"ETH-USDT"},"data":[{"asks":[["2575.26","0.2001","0","2"],["2575.31","0.09069","0","1"],["2575.38","0.993651","0","2"],["2575.45","0.5038","0","2"],["2575.46","0.1"
[2025-07-04 00:38:01] DEBUG: WSOB RAW: {"arg":{"channel":"books5","instId":"ETH-USDT"},"data":[{"asks":[["2575.26","3.162262","0","4"],["2575.31","0.09069","0","1"],["2575.38","0.993651","0","2"],["2575.45","0.5038","0","2"],["2575.46","0.
[2025-07-04 00:38:01] DEBUG: WSOB RAW: {"arg":{"channel":"books5","instId":"ETH-USDT"},"data":[{"asks":[["2575.26","3.182784","0","5"],["2575.31","0.09069","0","1"],["2575.38","0.993651","0","2"],["2575.45","0.5038","0","2"],["2575.46","0.
[2025-07-04 00:38:01] DEBUG: WSOB RAW: {"arg":{"channel":"books5","instId":"ETH-USDT"},"data":[{"asks":[["2575.26","2.981703","0","3"],["2575.31","0.09069","0","1"],["2575.38","0.993651","0","2"],["2575.45","0.5038","0","2"],["2575.46","0.
[2025-07-04 00:38:01] DEBUG: WSOB RAW: {"arg":{"channel":"books5","instId":"ETH-USDT"},"data":[{"asks":[["2575.26","2.981703","0","3"],["2575.31","0.09069","0","1"],["2575.38","0.993651","0","2"],["2575.45","0.5038","0","2"],["2575.46","0.
[2025-07-04 00:38:02] DEBUG: WSOB RAW: {"arg":{"channel":"books5","instId":"ETH-USDT"},"data":[{"asks":[["2575.26","2.981703","0","3"],["2575.31","0.09069","0","1"],["2575.38","0.993651","0","2"],["2575.41","0.1","0","1"],["2575.45","0.503
[2025-07-04 00:38:03] DEBUG: WSOB RAW: {"arg":{"channel":"books5","instId":"ETH-USDT"},"data":[{"asks":[["2575.26","0.020622","0","2"],["2575.31","0.09069","0","1"],["2575.38","0.993651","0","2"],["2575.41","0.1","0","1"],["2575.45","0.503
[2025-07-04 00:38:03] DEBUG: WSOB RAW: {"arg":{"channel":"books5","instId":"ETH-USDT"},"data":[{"asks":[["2575.26","9.280338","0","7"],["2575.31","0.09069","0","1"],["2575.38","0.993651","0","2"],["2575.41","0.1","0","1"],["2575.45","0.503
[2025-07-04 00:38:03] DEBUG: WSOB RAW: {"arg":{"channel":"books5","instId":"ETH-USDT"},"data":[{"asks":[["2575.26","8.093738","0","5"],["2575.31","0.09069","0","1"],["2575.38","0.993651","0","2"],["2575.41","0.1","0","1"],["2575.45","0.503
[2025-07-04 00:38:04] DEBUG: WSOB RAW: {"arg":{"channel":"books5","instId":"ETH-USDT"},"data":[{"asks":[["2575.26","2.100684","0","3"],["2575.31","0.09069","0","1"],["2575.38","0.001765","0","1"],["2575.41","0.1","0","1"],["2575.45","0.503
[2025-07-04 00:38:04] DEBUG: WSOB RAW: {"arg":{"channel":"books5","instId":"ETH-USDT"},"data":[{"asks":[["2575.26","0.020622","0","2"],["2575.31","0.09069","0","1"],["2575.38","0.001765","0","1"],["2575.41","0.1","0","1"],["2575.45","0.503
[2025-07-04 00:38:04] DEBUG: WSOB RAW: {"arg":{"channel":"books5","instId":"ETH-USDT"},"data":[{"asks":[["2575.26","0.020622","0","2"],["2575.31","0.09069","0","1"],["2575.38","0.001765","0","1"],["2575.41","0.1","0","1"],["2575.45","0.503
[2025-07-04 00:38:04] DEBUG: WSOB RAW: {"arg":{"channel":"books5","instId":"ETH-USDT"},"data":[{"asks":[["2575.26","0.020622","0","2"],["2575.31","0.09069","0","1"],["2575.38","0.001765","0","1"],["2575.41","0.1","0","1"],["2575.45","0.003
[2025-07-04 00:38:04] DEBUG: WSOB RAW: {"arg":{"channel":"books5","instId":"ETH-USDT"},"data":[{"asks":[["2575.26","0.020622","0","2"],["2575.31","0.09069","0","1"],["2575.38","0.001765","0","1"],["2575.45","0.0038","0","1"],["2575.46","0.
[2025-07-04 00:38:05] DEBUG: WSOB RAW: {"arg":{"channel":"books5","instId":"ETH-USDT"},"data":[{"asks":[["2575.26","0.020622","0","2"],["2575.31","0.09069","0","1"],["2575.38","0.001765","0","1"],["2575.45","0.0038","0","1"],["2575.47","0.
[2025-07-04 00:38:05] DEBUG: WSOB RAW: {"arg":{"channel":"books5","instId":"ETH-USDT"},"data":[{"asks":[["2575.26","0.018622","0","1"],["2575.31","0.09069","0","1"],["2575.38","0.001765","0","1"],["2575.45","0.0038","0","1"],["2575.47","0.
[2025-07-04 00:38:05] DEBUG: WSOB RAW: {"arg":{"channel":"books5","instId":"ETH-USDT"},"data":[{"asks":[["2575.26","0.018622","0","1"],["2575.31","0.09069","0","1"],["2575.38","0.001765","0","1"],["2575.45","0.0038","0","1"],["2575.47","0.
[2025-07-04 00:38:05] DEBUG: WSOB RAW: {"arg":{"channel":"books5","instId":"ETH-USDT"},"data":[{"asks":[["2575.26","0.018622","0","1"],["2575.31","0.09069","0","1"],["2575.38","0.001765","0","1"],["2575.45","0.0038","0","1"],["2575.47","0.
[2025-07-04 00:38:05] DEBUG: WSOB RAW: {"arg":{"channel":"books5","instId":"ETH-USDT"},"data":[{"asks":[["2575.31","0.124041","0","2"],["2575.38","0.001765","0","1"],["2575.45","0.0038","0","1"],["2575.47","0.2","0","1"],["2575.48","0.6885
[2025-07-04 00:38:05] DEBUG: WSOB RAW: {"arg":{"channel":"books5","instId":"ETH-USDT"},"data":[{"asks":[["2575.31","6.398672","0","4"],["2575.38","0.001765","0","1"],["2575.45","0.0038","0","1"],["2575.47","0.2","0","1"],["2575.48","0.6885
[2025-07-04 00:38:05] DEBUG: WSOB RAW: {"arg":{"channel":"books5","instId":"ETH-USDT"},"data":[{"asks":[["2575.31","6.727715","0","4"],["2575.38","0.001765","0","1"],["2575.45","0.0038","0","1"],["2575.47","0.2","0","1"],["2575.48","0.6885
[2025-07-04 00:38:05] DEBUG: WSOB RAW: {"arg":{"channel":"books5","instId":"ETH-USDT"},"data":[{"asks":[["2575.31","6.727715","0","4"],["2575.38","0.001765","0","1"],["2575.42","0.1","0","1"],["2575.45","0.0038","0","1"],["2575.47","0.2","
[2025-07-04 00:38:05] DEBUG: WSOB RAW: {"arg":{"channel":"books5","instId":"ETH-USDT"},"data":[{"asks":[["2575.31","6.727715","0","4"],["2575.38","0.001765","0","1"],["2575.42","0.1","0","1"],["2575.45","0.0038","0","1"],["2575.47","0.2","
[2025-07-04 00:38:06] DEBUG: WSOB RAW: {"arg":{"channel":"books5","instId":"ETH-USDT"},"data":[{"asks":[["2575.31","3.782634","0","3"],["2575.38","0.001765","0","1"],["2575.42","0.1","0","1"],["2575.45","0.0038","0","1"],["2575.47","0.2","
[2025-07-04 00:38:06] DEBUG: WSOB RAW: {"arg":{"channel":"books5","instId":"ETH-USDT"},"data":[{"asks":[["2575.31","5.492634","0","5"],["2575.38","0.001765","0","1"],["2575.42","0.1","0","1"],["2575.45","0.0038","0","1"],["2575.47","0.2","
[2025-07-04 00:38:06] DEBUG: WSOB RAW: {"arg":{"channel":"books5","instId":"ETH-USDT"},"data":[{"asks":[["2575.31","6.214907","0","7"],["2575.38","0.001765","0","1"],["2575.42","0.1","0","1"],["2575.45","0.0038","0","1"],["2575.47","0.2","
[2025-07-04 00:38:06] DEBUG: WSOB RAW: {"arg":{"channel":"books5","instId":"ETH-USDT"},"data":[{"asks":[["2575.31","6.214907","0","7"],["2575.38","0.001765","0","1"],["2575.42","0.1","0","1"],["2575.45","0.0038","0","1"],["2575.47","0.2","
[2025-07-04 00:38:06] DEBUG: WSOB RAW: {"arg":{"channel":"books5","instId":"ETH-USDT"},"data":[{"asks":[["2575.31","7.702288","0","8"],["2575.38","0.001765","0","1"],["2575.42","0.1","0","1"],["2575.45","0.0038","0","1"],["2575.47","0.2","
[2025-07-04 00:38:06] DEBUG: WSOB RAW: {"arg":{"channel":"books5","instId":"ETH-USDT"},"data":[{"asks":[["2575.31","1.919165","0","3"],["2575.38","0.001765","0","1"],["2575.42","0.1","0","1"],["2575.45","0.0038","0","1"],["2575.47","0.2","
[2025-07-04 00:38:06] DEBUG: WSOB RAW: {"arg":{"channel":"books5","instId":"ETH-USDT"},"data":[{"asks":[["2575.31","0.453084","0","2"],["2575.38","0.001765","0","1"],["2575.45","0.0038","0","1"],["2575.47","0.2","0","1"],["2575.48","0.5035
[2025-07-04 00:38:07] DEBUG: WSOB RAW: {"arg":{"channel":"books5","instId":"ETH-USDT"},"data":[{"asks":[["2575.31","0.453084","0","2"],["2575.38","0.001765","0","1"],["2575.45","0.0038","0","1"],["2575.47","0.2","0","1"],["2575.48","0.5035
[2025-07-04 00:38:07] DEBUG: WSOB RAW: {"arg":{"channel":"books5","instId":"ETH-USDT"},"data":[{"asks":[["2575.31","0.453084","0","2"],["2575.38","0.001765","0","1"],["2575.45","0.0038","0","1"],["2575.47","0.2","0","1"],["2575.48","0.5035
[2025-07-04 00:38:07] DEBUG: WSOB RAW: {"arg":{"channel":"books5","instId":"ETH-USDT"},"data":[{"asks":[["2575.31","0.453084","0","2"],["2575.38","0.001765","0","1"],["2575.45","0.0038","0","1"],["2575.47","0.2","0","1"],["2575.48","0.5035
[2025-07-04 00:38:07] DEBUG: WSOB RAW: {"arg":{"channel":"books5","instId":"ETH-USDT"},"data":[{"asks":[["2575.31","0.453084","0","2"],["2575.38","0.001765","0","1"],["2575.45","0.0038","0","1"],["2575.47","0.2","0","1"],["2575.48","0.5035
